#
# There is insufficient memory for the Java Runtime Environment to continue.
# Native memory allocation (mmap) failed to map 65536 bytes for Failed to commit metaspace.
# Possible reasons:
#   The system is out of physical RAM or swap space
#   The process is running with CompressedOops enabled, and the Java Heap may be blocking the growth of the native heap
# Possible solutions:
#   Reduce memory load on the system
#   Increase physical memory or swap space
#   Check if swap backing store is full
#   Decrease Java heap size (-Xmx/-Xms)
#   Decrease number of Java threads
#   Decrease Java thread stack sizes (-Xss)
#   Set larger code cache with -XX:ReservedCodeCacheSize=
#   JVM is running with Unscaled Compressed Oops mode in which the Java heap is
#     placed in the first 4GB address space. The Java Heap base address is the
#     maximum limit for the native heap growth. Please use -XX:HeapBaseMinAddress
#     to set the Java Heap base and to place the Java Heap above 4GB virtual address.
# This output file may be truncated or incomplete.
#
#  Out of Memory Error (virtualSpaceNode.cpp:110), pid=29176, tid=21344
#
# JRE version: OpenJDK Runtime Environment Temurin-17.0.2+8 (17.0.2+8) (build 17.0.2+8)
# Java VM: OpenJDK 64-Bit Server VM Temurin-17.0.2+8 (17.0.2+8, mixed mode, tiered, compressed oops, compressed class ptrs, g1 gc, windows-amd64)
# No core dump will be written. Minidumps are not enabled by default on client versions of Windows
#

---------------  S U M M A R Y ------------

Command Line: -Dfile.encoding=Cp1252 -XX:+ShowCodeDetailsInExceptionMessages RemoveSongs

Host: AMD Ryzen 5 5600H with Radeon Graphics         , 12 cores, 7G,  Windows 11 , 64 bit Build 22621 (10.0.22621.1778)
Time: Fri Jun 30 17:32:40 2023 India Standard Time elapsed time: 1.429021 seconds (0d 0h 0m 1s)

---------------  T H R E A D  ---------------

Current thread (0x00000205195ca160):  JavaThread "main" [_thread_in_vm, id=21344, stack(0x0000006878c00000,0x0000006878d00000)]

Stack: [0x0000006878c00000,0x0000006878d00000]
Native frames: (J=compiled Java code, j=interpreted, Vv=VM code, C=native code)
V  [jvm.dll+0x67564a]
V  [jvm.dll+0x82fc04]
V  [jvm.dll+0x8313ae]
V  [jvm.dll+0x831a13]
V  [jvm.dll+0x245235]
V  [jvm.dll+0x82bbab]
V  [jvm.dll+0x61a336]
V  [jvm.dll+0x61a39a]
V  [jvm.dll+0x61cbba]
V  [jvm.dll+0x61acd6]
V  [jvm.dll+0x23abf0]
V  [jvm.dll+0x1ea88d]
V  [jvm.dll+0x1e02c1]
V  [jvm.dll+0x53b6e0]
V  [jvm.dll+0x1f0ab7]
V  [jvm.dll+0x7aa1bb]
V  [jvm.dll+0x7ab562]
V  [jvm.dll+0x7ab898]
V  [jvm.dll+0x23d51e]
V  [jvm.dll+0x37e8ce]
C  0x000002051cc9b6e4

Java frames: (J=compiled Java code, j=interpreted, Vv=VM code)
j  java.util.regex.Pattern.matcher(Ljava/lang/CharSequence;)Ljava/util/regex/Matcher;+32 java.base@17.0.2
j  com.mysql.cj.conf.ConnectionUrlParser.isConnectionStringSupported(Ljava/lang/String;)Z+22
j  com.mysql.cj.conf.ConnectionUrl.acceptsUrl(Ljava/lang/String;)Z+1
j  com.mysql.cj.jdbc.NonRegisteringDriver.connect(Ljava/lang/String;Ljava/util/Properties;)Ljava/sql/Connection;+1
j  java.sql.DriverManager.getConnection(Ljava/lang/String;Ljava/util/Properties;Ljava/lang/Class;)Ljava/sql/Connection;+131 java.sql@17.0.2
j  java.sql.DriverManager.getConnection(Ljava/lang/String;Ljava/lang/String;Ljava/lang/String;)Ljava/sql/Connection;+37 java.sql@17.0.2
j  Conn.<init>()V+11
j  RemoveSongs.<init>(Ljava/lang/String;)V+319
j  RemoveSongs.main([Ljava/lang/String;)V+6
v  ~StubRoutines::call_stub

---------------  P R O C E S S  ---------------

Threads class SMR info:
_java_thread_list=0x00000205347f9e00, length=17, elements={
0x00000205195ca160, 0x00000205333ef450, 0x00000205333fca60, 0x000002053345a630,
0x000002053345afe0, 0x000002053345c130, 0x000002053345da20, 0x000002053343fff0,
0x0000020533441230, 0x0000020533445900, 0x0000020534189080, 0x0000020534186060,
0x0000020534189a20, 0x0000020534188210, 0x0000020534189550, 0x0000020534188bb0,
0x00000205341873a0
}

Java Threads: ( => current thread )
=>0x00000205195ca160 JavaThread "main" [_thread_in_vm, id=21344, stack(0x0000006878c00000,0x0000006878d00000)]
  0x00000205333ef450 JavaThread "Reference Handler" daemon [_thread_blocked, id=17140, stack(0x0000006879300000,0x0000006879400000)]
  0x00000205333fca60 JavaThread "Finalizer" daemon [_thread_blocked, id=30272, stack(0x0000006879400000,0x0000006879500000)]
  0x000002053345a630 JavaThread "Signal Dispatcher" daemon [_thread_blocked, id=30392, stack(0x0000006879500000,0x0000006879600000)]
  0x000002053345afe0 JavaThread "Attach Listener" daemon [_thread_blocked, id=31068, stack(0x0000006879600000,0x0000006879700000)]
  0x000002053345c130 JavaThread "Service Thread" daemon [_thread_blocked, id=11152, stack(0x0000006879700000,0x0000006879800000)]
  0x000002053345da20 JavaThread "Monitor Deflation Thread" daemon [_thread_blocked, id=24396, stack(0x0000006879800000,0x0000006879900000)]
  0x000002053343fff0 JavaThread "C2 CompilerThread0" daemon [_thread_blocked, id=9232, stack(0x0000006879900000,0x0000006879a00000)]
  0x0000020533441230 JavaThread "C1 CompilerThread0" daemon [_thread_in_vm, id=21532, stack(0x0000006879a00000,0x0000006879b00000)]
  0x0000020533445900 JavaThread "Sweeper thread" daemon [_thread_blocked, id=22796, stack(0x0000006879b00000,0x0000006879c00000)]
  0x0000020534189080 JavaThread "Notification Thread" daemon [_thread_blocked, id=28272, stack(0x0000006879c00000,0x0000006879d00000)]
  0x0000020534186060 JavaThread "Common-Cleaner" daemon [_thread_blocked, id=26428, stack(0x0000006879e00000,0x0000006879f00000)]
  0x0000020534189a20 JavaThread "Java2D Disposer" daemon [_thread_blocked, id=30856, stack(0x0000006879f00000,0x000000687a000000)]
  0x0000020534188210 JavaThread "AWT-Shutdown" [_thread_blocked, id=29192, stack(0x000000687a000000,0x000000687a100000)]
  0x0000020534189550 JavaThread "AWT-Windows" daemon [_thread_in_native, id=31092, stack(0x000000687a100000,0x000000687a200000)]
  0x0000020534188bb0 JavaThread "AWT-EventQueue-0" [_thread_in_vm, id=31028, stack(0x000000687ac00000,0x000000687ad00000)]
  0x00000205341873a0 JavaThread "mysql-cj-abandoned-connection-cleanup" daemon [_thread_blocked, id=29332, stack(0x000000687ae00000,0x000000687af00000)]

Other Threads:
  0x000002053341ec80 VMThread "VM Thread" [stack: 0x0000006879200000,0x0000006879300000] [id=10588]
  0x000002051963a4f0 WatcherThread [stack: 0x0000006879d00000,0x0000006879e00000] [id=9264]
  0x00000205196080f0 GCTaskThread "GC Thread#0" [stack: 0x0000006878d00000,0x0000006878e00000] [id=31476]
  0x0000020519617d40 ConcurrentGCThread "G1 Main Marker" [stack: 0x0000006878e00000,0x0000006878f00000] [id=29988]
  0x0000020519619da0 ConcurrentGCThread "G1 Conc#0" [stack: 0x0000006878f00000,0x0000006879000000] [id=30480]
  0x0000020533270090 ConcurrentGCThread "G1 Refine#0" [stack: 0x0000006879000000,0x0000006879100000] [id=22644]
  0x0000020533270950 ConcurrentGCThread "G1 Service" [stack: 0x0000006879100000,0x0000006879200000] [id=28172]

Threads with active compile tasks:
C1 CompilerThread0     1460 1014       3       java.util.regex.Pattern::isSupplementary (21 bytes)

VM state: not at safepoint (normal execution)

VM Mutex/Monitor currently owned by a thread:  ([mutex/lock_event])
[0x000002051740c960] Metaspace_lock - owner thread: 0x00000205195ca160
[0x00000205195c5890] MethodData_lock - owner thread: 0x0000020533441230

Heap address: 0x000000008a600000, size: 1882 MB, Compressed Oops mode: 32-bit

CDS archive(s) not mapped
Compressed class space mapped at: 0x0000000100000000-0x0000000140000000, reserved size: 1073741824
Narrow klass base: 0x0000000000000000, Narrow klass shift: 3, Narrow klass range: 0x140000000

GC Precious Log:
 CPUs: 12 total, 12 available
 Memory: 7521M
 Large Page Support: Disabled
 NUMA Support: Disabled
 Compressed Oops: Enabled (32-bit)
 Heap Region Size: 1M
 Heap Min Capacity: 8M
 Heap Initial Capacity: 118M
 Heap Max Capacity: 1882M
 Pre-touch: Disabled
 Parallel Workers: 10
 Concurrent Workers: 3
 Concurrent Refinement Workers: 10
 Periodic GC: Disabled

Heap:
 garbage-first heap   total 120832K, used 22528K [0x000000008a600000, 0x0000000100000000)
  region size 1024K, 15 young (15360K), 0 survivors (0K)
 Metaspace       used 14859K, committed 15104K, reserved 1064960K
  class space    used 1525K, committed 1664K, reserved 1048576K

Heap Regions: E=young(eden), S=young(survivor), O=old, HS=humongous(starts), HC=humongous(continues), CS=collection set, F=free, OA=open archive, CA=closed archive, TAMS=top-at-mark-start (previous, next)
|   0|0x000000008a600000, 0x000000008a700000, 0x000000008a700000|100%|HS|  |TAMS 0x000000008a600000, 0x000000008a600000| Complete 
|   1|0x000000008a700000, 0x000000008a800000, 0x000000008a800000|100%|HC|  |TAMS 0x000000008a700000, 0x000000008a700000| Complete 
|   2|0x000000008a800000, 0x000000008a900000, 0x000000008a900000|100%|HC|  |TAMS 0x000000008a800000, 0x000000008a800000| Complete 
|   3|0x000000008a900000, 0x000000008aa00000, 0x000000008aa00000|100%|HC|  |TAMS 0x000000008a900000, 0x000000008a900000| Complete 
|   4|0x000000008aa00000, 0x000000008ab00000, 0x000000008ab00000|100%|HC|  |TAMS 0x000000008aa00000, 0x000000008aa00000| Complete 
|   5|0x000000008ab00000, 0x000000008ac00000, 0x000000008ac00000|100%|HC|  |TAMS 0x000000008ab00000, 0x000000008ab00000| Complete 
|   6|0x000000008ac00000, 0x000000008ad00000, 0x000000008ad00000|100%|HC|  |TAMS 0x000000008ac00000, 0x000000008ac00000| Complete 
|   7|0x000000008ad00000, 0x000000008ae00000, 0x000000008ae00000|100%|HC|  |TAMS 0x000000008ad00000, 0x000000008ad00000| Complete 
|   8|0x000000008ae00000, 0x000000008ae00000, 0x000000008af00000|  0%| F|  |TAMS 0x000000008ae00000, 0x000000008ae00000| Untracked 
|   9|0x000000008af00000, 0x000000008af00000, 0x000000008b000000|  0%| F|  |TAMS 0x000000008af00000, 0x000000008af00000| Untracked 
|  10|0x000000008b000000, 0x000000008b000000, 0x000000008b100000|  0%| F|  |TAMS 0x000000008b000000, 0x000000008b000000| Untracked 
|  11|0x000000008b100000, 0x000000008b100000, 0x000000008b200000|  0%| F|  |TAMS 0x000000008b100000, 0x000000008b100000| Untracked 
|  12|0x000000008b200000, 0x000000008b200000, 0x000000008b300000|  0%| F|  |TAMS 0x000000008b200000, 0x000000008b200000| Untracked 
|  13|0x000000008b300000, 0x000000008b300000, 0x000000008b400000|  0%| F|  |TAMS 0x000000008b300000, 0x000000008b300000| Untracked 
|  14|0x000000008b400000, 0x000000008b400000, 0x000000008b500000|  0%| F|  |TAMS 0x000000008b400000, 0x000000008b400000| Untracked 
|  15|0x000000008b500000, 0x000000008b500000, 0x000000008b600000|  0%| F|  |TAMS 0x000000008b500000, 0x000000008b500000| Untracked 
|  16|0x000000008b600000, 0x000000008b600000, 0x000000008b700000|  0%| F|  |TAMS 0x000000008b600000, 0x000000008b600000| Untracked 
|  17|0x000000008b700000, 0x000000008b700000, 0x000000008b800000|  0%| F|  |TAMS 0x000000008b700000, 0x000000008b700000| Untracked 
|  18|0x000000008b800000, 0x000000008b800000, 0x000000008b900000|  0%| F|  |TAMS 0x000000008b800000, 0x000000008b800000| Untracked 
|  19|0x000000008b900000, 0x000000008b900000, 0x000000008ba00000|  0%| F|  |TAMS 0x000000008b900000, 0x000000008b900000| Untracked 
|  20|0x000000008ba00000, 0x000000008ba00000, 0x000000008bb00000|  0%| F|  |TAMS 0x000000008ba00000, 0x000000008ba00000| Untracked 
|  21|0x000000008bb00000, 0x000000008bb00000, 0x000000008bc00000|  0%| F|  |TAMS 0x000000008bb00000, 0x000000008bb00000| Untracked 
|  22|0x000000008bc00000, 0x000000008bc00000, 0x000000008bd00000|  0%| F|  |TAMS 0x000000008bc00000, 0x000000008bc00000| Untracked 
|  23|0x000000008bd00000, 0x000000008bd00000, 0x000000008be00000|  0%| F|  |TAMS 0x000000008bd00000, 0x000000008bd00000| Untracked 
|  24|0x000000008be00000, 0x000000008be00000, 0x000000008bf00000|  0%| F|  |TAMS 0x000000008be00000, 0x000000008be00000| Untracked 
|  25|0x000000008bf00000, 0x000000008bf00000, 0x000000008c000000|  0%| F|  |TAMS 0x000000008bf00000, 0x000000008bf00000| Untracked 
|  26|0x000000008c000000, 0x000000008c000000, 0x000000008c100000|  0%| F|  |TAMS 0x000000008c000000, 0x000000008c000000| Untracked 
|  27|0x000000008c100000, 0x000000008c100000, 0x000000008c200000|  0%| F|  |TAMS 0x000000008c100000, 0x000000008c100000| Untracked 
|  28|0x000000008c200000, 0x000000008c200000, 0x000000008c300000|  0%| F|  |TAMS 0x000000008c200000, 0x000000008c200000| Untracked 
|  29|0x000000008c300000, 0x000000008c300000, 0x000000008c400000|  0%| F|  |TAMS 0x000000008c300000, 0x000000008c300000| Untracked 
|  30|0x000000008c400000, 0x000000008c400000, 0x000000008c500000|  0%| F|  |TAMS 0x000000008c400000, 0x000000008c400000| Untracked 
|  31|0x000000008c500000, 0x000000008c500000, 0x000000008c600000|  0%| F|  |TAMS 0x000000008c500000, 0x000000008c500000| Untracked 
|  32|0x000000008c600000, 0x000000008c600000, 0x000000008c700000|  0%| F|  |TAMS 0x000000008c600000, 0x000000008c600000| Untracked 
|  33|0x000000008c700000, 0x000000008c700000, 0x000000008c800000|  0%| F|  |TAMS 0x000000008c700000, 0x000000008c700000| Untracked 
|  34|0x000000008c800000, 0x000000008c800000, 0x000000008c900000|  0%| F|  |TAMS 0x000000008c800000, 0x000000008c800000| Untracked 
|  35|0x000000008c900000, 0x000000008c900000, 0x000000008ca00000|  0%| F|  |TAMS 0x000000008c900000, 0x000000008c900000| Untracked 
|  36|0x000000008ca00000, 0x000000008ca00000, 0x000000008cb00000|  0%| F|  |TAMS 0x000000008ca00000, 0x000000008ca00000| Untracked 
|  37|0x000000008cb00000, 0x000000008cb00000, 0x000000008cc00000|  0%| F|  |TAMS 0x000000008cb00000, 0x000000008cb00000| Untracked 
|  38|0x000000008cc00000, 0x000000008cc00000, 0x000000008cd00000|  0%| F|  |TAMS 0x000000008cc00000, 0x000000008cc00000| Untracked 
|  39|0x000000008cd00000, 0x000000008cd00000, 0x000000008ce00000|  0%| F|  |TAMS 0x000000008cd00000, 0x000000008cd00000| Untracked 
|  40|0x000000008ce00000, 0x000000008ce00000, 0x000000008cf00000|  0%| F|  |TAMS 0x000000008ce00000, 0x000000008ce00000| Untracked 
|  41|0x000000008cf00000, 0x000000008cf00000, 0x000000008d000000|  0%| F|  |TAMS 0x000000008cf00000, 0x000000008cf00000| Untracked 
|  42|0x000000008d000000, 0x000000008d000000, 0x000000008d100000|  0%| F|  |TAMS 0x000000008d000000, 0x000000008d000000| Untracked 
|  43|0x000000008d100000, 0x000000008d100000, 0x000000008d200000|  0%| F|  |TAMS 0x000000008d100000, 0x000000008d100000| Untracked 
|  44|0x000000008d200000, 0x000000008d200000, 0x000000008d300000|  0%| F|  |TAMS 0x000000008d200000, 0x000000008d200000| Untracked 
|  45|0x000000008d300000, 0x000000008d300000, 0x000000008d400000|  0%| F|  |TAMS 0x000000008d300000, 0x000000008d300000| Untracked 
|  46|0x000000008d400000, 0x000000008d400000, 0x000000008d500000|  0%| F|  |TAMS 0x000000008d400000, 0x000000008d400000| Untracked 
|  47|0x000000008d500000, 0x000000008d500000, 0x000000008d600000|  0%| F|  |TAMS 0x000000008d500000, 0x000000008d500000| Untracked 
|  48|0x000000008d600000, 0x000000008d600000, 0x000000008d700000|  0%| F|  |TAMS 0x000000008d600000, 0x000000008d600000| Untracked 
|  49|0x000000008d700000, 0x000000008d700000, 0x000000008d800000|  0%| F|  |TAMS 0x000000008d700000, 0x000000008d700000| Untracked 
|  50|0x000000008d800000, 0x000000008d800000, 0x000000008d900000|  0%| F|  |TAMS 0x000000008d800000, 0x000000008d800000| Untracked 
|  51|0x000000008d900000, 0x000000008d900000, 0x000000008da00000|  0%| F|  |TAMS 0x000000008d900000, 0x000000008d900000| Untracked 
|  52|0x000000008da00000, 0x000000008da00000, 0x000000008db00000|  0%| F|  |TAMS 0x000000008da00000, 0x000000008da00000| Untracked 
|  53|0x000000008db00000, 0x000000008db00000, 0x000000008dc00000|  0%| F|  |TAMS 0x000000008db00000, 0x000000008db00000| Untracked 
|  54|0x000000008dc00000, 0x000000008dc00000, 0x000000008dd00000|  0%| F|  |TAMS 0x000000008dc00000, 0x000000008dc00000| Untracked 
|  55|0x000000008dd00000, 0x000000008dd00000, 0x000000008de00000|  0%| F|  |TAMS 0x000000008dd00000, 0x000000008dd00000| Untracked 
|  56|0x000000008de00000, 0x000000008de00000, 0x000000008df00000|  0%| F|  |TAMS 0x000000008de00000, 0x000000008de00000| Untracked 
|  57|0x000000008df00000, 0x000000008df00000, 0x000000008e000000|  0%| F|  |TAMS 0x000000008df00000, 0x000000008df00000| Untracked 
|  58|0x000000008e000000, 0x000000008e000000, 0x000000008e100000|  0%| F|  |TAMS 0x000000008e000000, 0x000000008e000000| Untracked 
|  59|0x000000008e100000, 0x000000008e100000, 0x000000008e200000|  0%| F|  |TAMS 0x000000008e100000, 0x000000008e100000| Untracked 
|  60|0x000000008e200000, 0x000000008e200000, 0x000000008e300000|  0%| F|  |TAMS 0x000000008e200000, 0x000000008e200000| Untracked 
|  61|0x000000008e300000, 0x000000008e300000, 0x000000008e400000|  0%| F|  |TAMS 0x000000008e300000, 0x000000008e300000| Untracked 
|  62|0x000000008e400000, 0x000000008e400000, 0x000000008e500000|  0%| F|  |TAMS 0x000000008e400000, 0x000000008e400000| Untracked 
|  63|0x000000008e500000, 0x000000008e500000, 0x000000008e600000|  0%| F|  |TAMS 0x000000008e500000, 0x000000008e500000| Untracked 
|  64|0x000000008e600000, 0x000000008e600000, 0x000000008e700000|  0%| F|  |TAMS 0x000000008e600000, 0x000000008e600000| Untracked 
|  65|0x000000008e700000, 0x000000008e700000, 0x000000008e800000|  0%| F|  |TAMS 0x000000008e700000, 0x000000008e700000| Untracked 
|  66|0x000000008e800000, 0x000000008e800000, 0x000000008e900000|  0%| F|  |TAMS 0x000000008e800000, 0x000000008e800000| Untracked 
|  67|0x000000008e900000, 0x000000008e900000, 0x000000008ea00000|  0%| F|  |TAMS 0x000000008e900000, 0x000000008e900000| Untracked 
|  68|0x000000008ea00000, 0x000000008ea00000, 0x000000008eb00000|  0%| F|  |TAMS 0x000000008ea00000, 0x000000008ea00000| Untracked 
|  69|0x000000008eb00000, 0x000000008eb00000, 0x000000008ec00000|  0%| F|  |TAMS 0x000000008eb00000, 0x000000008eb00000| Untracked 
|  70|0x000000008ec00000, 0x000000008ec00000, 0x000000008ed00000|  0%| F|  |TAMS 0x000000008ec00000, 0x000000008ec00000| Untracked 
|  71|0x000000008ed00000, 0x000000008ed00000, 0x000000008ee00000|  0%| F|  |TAMS 0x000000008ed00000, 0x000000008ed00000| Untracked 
|  72|0x000000008ee00000, 0x000000008ee00000, 0x000000008ef00000|  0%| F|  |TAMS 0x000000008ee00000, 0x000000008ee00000| Untracked 
|  73|0x000000008ef00000, 0x000000008ef00000, 0x000000008f000000|  0%| F|  |TAMS 0x000000008ef00000, 0x000000008ef00000| Untracked 
|  74|0x000000008f000000, 0x000000008f000000, 0x000000008f100000|  0%| F|  |TAMS 0x000000008f000000, 0x000000008f000000| Untracked 
|  75|0x000000008f100000, 0x000000008f100000, 0x000000008f200000|  0%| F|  |TAMS 0x000000008f100000, 0x000000008f100000| Untracked 
|  76|0x000000008f200000, 0x000000008f200000, 0x000000008f300000|  0%| F|  |TAMS 0x000000008f200000, 0x000000008f200000| Untracked 
|  77|0x000000008f300000, 0x000000008f300000, 0x000000008f400000|  0%| F|  |TAMS 0x000000008f300000, 0x000000008f300000| Untracked 
|  78|0x000000008f400000, 0x000000008f400000, 0x000000008f500000|  0%| F|  |TAMS 0x000000008f400000, 0x000000008f400000| Untracked 
|  79|0x000000008f500000, 0x000000008f500000, 0x000000008f600000|  0%| F|  |TAMS 0x000000008f500000, 0x000000008f500000| Untracked 
|  80|0x000000008f600000, 0x000000008f600000, 0x000000008f700000|  0%| F|  |TAMS 0x000000008f600000, 0x000000008f600000| Untracked 
|  81|0x000000008f700000, 0x000000008f700000, 0x000000008f800000|  0%| F|  |TAMS 0x000000008f700000, 0x000000008f700000| Untracked 
|  82|0x000000008f800000, 0x000000008f800000, 0x000000008f900000|  0%| F|  |TAMS 0x000000008f800000, 0x000000008f800000| Untracked 
|  83|0x000000008f900000, 0x000000008f900000, 0x000000008fa00000|  0%| F|  |TAMS 0x000000008f900000, 0x000000008f900000| Untracked 
|  84|0x000000008fa00000, 0x000000008fa00000, 0x000000008fb00000|  0%| F|  |TAMS 0x000000008fa00000, 0x000000008fa00000| Untracked 
|  85|0x000000008fb00000, 0x000000008fb00000, 0x000000008fc00000|  0%| F|  |TAMS 0x000000008fb00000, 0x000000008fb00000| Untracked 
|  86|0x000000008fc00000, 0x000000008fc00000, 0x000000008fd00000|  0%| F|  |TAMS 0x000000008fc00000, 0x000000008fc00000| Untracked 
|  87|0x000000008fd00000, 0x000000008fd00000, 0x000000008fe00000|  0%| F|  |TAMS 0x000000008fd00000, 0x000000008fd00000| Untracked 
|  88|0x000000008fe00000, 0x000000008fe00000, 0x000000008ff00000|  0%| F|  |TAMS 0x000000008fe00000, 0x000000008fe00000| Untracked 
|  89|0x000000008ff00000, 0x000000008ff00000, 0x0000000090000000|  0%| F|  |TAMS 0x000000008ff00000, 0x000000008ff00000| Untracked 
|  90|0x0000000090000000, 0x0000000090000000, 0x0000000090100000|  0%| F|  |TAMS 0x0000000090000000, 0x0000000090000000| Untracked 
|  91|0x0000000090100000, 0x0000000090100000, 0x0000000090200000|  0%| F|  |TAMS 0x0000000090100000, 0x0000000090100000| Untracked 
|  92|0x0000000090200000, 0x0000000090200000, 0x0000000090300000|  0%| F|  |TAMS 0x0000000090200000, 0x0000000090200000| Untracked 
|  93|0x0000000090300000, 0x0000000090300000, 0x0000000090400000|  0%| F|  |TAMS 0x0000000090300000, 0x0000000090300000| Untracked 
|  94|0x0000000090400000, 0x0000000090400000, 0x0000000090500000|  0%| F|  |TAMS 0x0000000090400000, 0x0000000090400000| Untracked 
|  95|0x0000000090500000, 0x0000000090500000, 0x0000000090600000|  0%| F|  |TAMS 0x0000000090500000, 0x0000000090500000| Untracked 
|  96|0x0000000090600000, 0x0000000090600000, 0x0000000090700000|  0%| F|  |TAMS 0x0000000090600000, 0x0000000090600000| Untracked 
|  97|0x0000000090700000, 0x0000000090700000, 0x0000000090800000|  0%| F|  |TAMS 0x0000000090700000, 0x0000000090700000| Untracked 
|  98|0x0000000090800000, 0x0000000090800000, 0x0000000090900000|  0%| F|  |TAMS 0x0000000090800000, 0x0000000090800000| Untracked 
|  99|0x0000000090900000, 0x0000000090900000, 0x0000000090a00000|  0%| F|  |TAMS 0x0000000090900000, 0x0000000090900000| Untracked 
| 100|0x0000000090a00000, 0x0000000090a00000, 0x0000000090b00000|  0%| F|  |TAMS 0x0000000090a00000, 0x0000000090a00000| Untracked 
| 101|0x0000000090b00000, 0x0000000090b00000, 0x0000000090c00000|  0%| F|  |TAMS 0x0000000090b00000, 0x0000000090b00000| Untracked 
| 102|0x0000000090c00000, 0x0000000090c00000, 0x0000000090d00000|  0%| F|  |TAMS 0x0000000090c00000, 0x0000000090c00000| Untracked 
| 103|0x0000000090d00000, 0x0000000090e00000, 0x0000000090e00000|100%| E|  |TAMS 0x0000000090d00000, 0x0000000090d00000| Complete 
| 104|0x0000000090e00000, 0x0000000090f00000, 0x0000000090f00000|100%| E|CS|TAMS 0x0000000090e00000, 0x0000000090e00000| Complete 
| 105|0x0000000090f00000, 0x0000000091000000, 0x0000000091000000|100%| E|CS|TAMS 0x0000000090f00000, 0x0000000090f00000| Complete 
| 106|0x0000000091000000, 0x0000000091100000, 0x0000000091100000|100%| E|CS|TAMS 0x0000000091000000, 0x0000000091000000| Complete 
| 107|0x0000000091100000, 0x0000000091200000, 0x0000000091200000|100%| E|CS|TAMS 0x0000000091100000, 0x0000000091100000| Complete 
| 108|0x0000000091200000, 0x0000000091300000, 0x0000000091300000|100%| E|CS|TAMS 0x0000000091200000, 0x0000000091200000| Complete 
| 109|0x0000000091300000, 0x0000000091400000, 0x0000000091400000|100%| E|CS|TAMS 0x0000000091300000, 0x0000000091300000| Complete 
| 110|0x0000000091400000, 0x0000000091500000, 0x0000000091500000|100%| E|CS|TAMS 0x0000000091400000, 0x0000000091400000| Complete 
| 111|0x0000000091500000, 0x0000000091600000, 0x0000000091600000|100%| E|CS|TAMS 0x0000000091500000, 0x0000000091500000| Complete 
| 112|0x0000000091600000, 0x0000000091700000, 0x0000000091700000|100%| E|CS|TAMS 0x0000000091600000, 0x0000000091600000| Complete 
| 113|0x0000000091700000, 0x0000000091800000, 0x0000000091800000|100%| E|CS|TAMS 0x0000000091700000, 0x0000000091700000| Complete 
| 114|0x0000000091800000, 0x0000000091900000, 0x0000000091900000|100%| E|CS|TAMS 0x0000000091800000, 0x0000000091800000| Complete 
| 115|0x0000000091900000, 0x0000000091a00000, 0x0000000091a00000|100%| E|CS|TAMS 0x0000000091900000, 0x0000000091900000| Complete 
| 116|0x0000000091a00000, 0x0000000091b00000, 0x0000000091b00000|100%| E|CS|TAMS 0x0000000091a00000, 0x0000000091a00000| Complete 
| 117|0x0000000091b00000, 0x0000000091c00000, 0x0000000091c00000|100%| E|CS|TAMS 0x0000000091b00000, 0x0000000091b00000| Complete 

Card table byte_map: [0x000002052c580000,0x000002052c930000] _byte_map_base: 0x000002052c12d000

Marking Bits (Prev, Next): (CMBitMap*) 0x0000020519608700, (CMBitMap*) 0x0000020519608740
 Prev Bits: [0x000002052cce0000, 0x000002052ea48000)
 Next Bits: [0x000002052ea50000, 0x00000205307b8000)

Polling page: 0x0000020518da0000

Metaspace:

Usage:
  Non-class:     13.02 MB used.
      Class:      1.49 MB used.
       Both:     14.51 MB used.

Virtual space:
  Non-class space:       16.00 MB reserved,      13.12 MB ( 82%) committed,  2 nodes.
      Class space:        1.00 GB reserved,       1.62 MB ( <1%) committed,  1 nodes.
             Both:        1.02 GB reserved,      14.75 MB (  1%) committed. 

Chunk freelists:
   Non-Class:  2.87 MB
       Class:  2.25 MB
        Both:  5.12 MB

MaxMetaspaceSize: unlimited
CompressedClassSpaceSize: 1.00 GB
Initial GC threshold: 21.00 MB
Current GC threshold: 21.00 MB
CDS: off
MetaspaceReclaimPolicy: balanced
 - commit_granule_bytes: 65536.
 - commit_granule_words: 8192.
 - virtual_space_node_default_size: 1048576.
 - enlarge_chunks_in_place: 1.
 - new_chunks_are_fully_committed: 0.
 - uncommit_free_chunks: 1.
 - use_allocation_guard: 0.
 - handle_deallocations: 1.


Internal statistics:

num_allocs_failed_limit: 0.
num_arena_births: 120.
num_arena_deaths: 0.
num_vsnodes_births: 3.
num_vsnodes_deaths: 0.
num_space_committed: 236.
num_space_uncommitted: 0.
num_chunks_returned_to_freelist: 0.
num_chunks_taken_from_freelist: 218.
num_chunk_merges: 0.
num_chunk_splits: 105.
num_chunks_enlarged: 32.
num_purges: 0.
num_inconsistent_stats: 0.

CodeHeap 'non-profiled nmethods': size=120000Kb used=268Kb max_used=268Kb free=119731Kb
 bounds [0x0000020524750000, 0x00000205249c0000, 0x000002052bc80000]
CodeHeap 'profiled nmethods': size=120000Kb used=1624Kb max_used=1624Kb free=118375Kb
 bounds [0x000002051d220000, 0x000002051d490000, 0x0000020524750000]
CodeHeap 'non-nmethods': size=5760Kb used=1271Kb max_used=1285Kb free=4488Kb
 bounds [0x000002051cc80000, 0x000002051cef0000, 0x000002051d220000]
 total_blobs=1611 nmethods=1011 adapters=513
 compilation: enabled
              stopped_count=0, restarted_count=0
 full_count=0

Compilation events (20 events):
Event: 1.417 Thread 0x0000020533441230 nmethod 997 0x0000020524791990 code [0x0000020524791b20, 0x0000020524791bf8]
Event: 1.417 Thread 0x0000020533441230  998       1       java.awt.Component::getHeight (5 bytes)
Event: 1.417 Thread 0x0000020533441230 nmethod 998 0x0000020524791c90 code [0x0000020524791e20, 0x0000020524791ef8]
Event: 1.418 Thread 0x0000020533441230  999       3       java.lang.invoke.MemberName::checkForTypeAlias (172 bytes)
Event: 1.420 Thread 0x0000020533441230 nmethod 999 0x000002051d3ae810 code [0x000002051d3aec80, 0x000002051d3b0a98]
Event: 1.420 Thread 0x0000020533441230 1002       3       java.lang.invoke.ConstantCallSite::getTarget (20 bytes)
Event: 1.420 Thread 0x0000020533441230 nmethod 1002 0x000002051d3b1310 code [0x000002051d3b14c0, 0x000002051d3b16c8]
Event: 1.420 Thread 0x0000020533441230 1004       3       sun.invoke.util.VerifyAccess::isMemberAccessible (338 bytes)
Event: 1.422 Thread 0x0000020533441230 nmethod 1004 0x000002051d3b1790 code [0x000002051d3b1b20, 0x000002051d3b2ec8]
Event: 1.422 Thread 0x0000020533441230 1001       3       java.lang.invoke.MethodType::dropParameterTypes (162 bytes)
Event: 1.423 Thread 0x0000020533441230 nmethod 1001 0x000002051d3b3410 code [0x000002051d3b3700, 0x000002051d3b4628]
Event: 1.423 Thread 0x0000020533441230 1008       3       java.lang.String::<init> (14 bytes)
Event: 1.423 Thread 0x0000020533441230 nmethod 1008 0x000002051d3b4b10 code [0x000002051d3b4cc0, 0x000002051d3b4ed8]
Event: 1.423 Thread 0x0000020533441230 1005       1       java.lang.invoke.DirectMethodHandle::isCrackable (5 bytes)
Event: 1.423 Thread 0x0000020533441230 nmethod 1005 0x0000020524792890 code [0x0000020524792a20, 0x0000020524792af8]
Event: 1.423 Thread 0x0000020533441230 1006       1       jdk.internal.org.objectweb.asm.ClassReader::getMaxStringLength (5 bytes)
Event: 1.423 Thread 0x0000020533441230 nmethod 1006 0x0000020524792b90 code [0x0000020524792d20, 0x0000020524792df8]
Event: 1.425 Thread 0x0000020533441230 1010       3       java.util.regex.Pattern::has (15 bytes)
Event: 1.426 Thread 0x0000020533441230 nmethod 1010 0x000002051d3b5010 code [0x000002051d3b51a0, 0x000002051d3b5318]
Event: 1.426 Thread 0x0000020533441230 1011       3       java.lang.String::checkIndex (48 bytes)

GC Heap History (0 events):
No events

Deoptimization events (20 events):
Event: 1.347 Thread 0x00000205195ca160 Uncommon trap: trap_request=0xffffffde fr.pc=0x0000020524783990 relative=0x0000000000000450
Event: 1.347 Thread 0x00000205195ca160 Uncommon trap: reason=class_check action=maybe_recompile pc=0x0000020524783990 method=java.util.HashMap.getNode(Ljava/lang/Object;)Ljava/util/HashMap$Node; @ 63 c2
Event: 1.347 Thread 0x00000205195ca160 DEOPT PACKING pc=0x0000020524783990 sp=0x0000006878cfe9c0
Event: 1.347 Thread 0x00000205195ca160 DEOPT UNPACKING pc=0x000002051ccd23a3 sp=0x0000006878cfe938 mode 2
Event: 1.376 Thread 0x00000205195ca160 Uncommon trap: trap_request=0xffffff45 fr.pc=0x0000020524786700 relative=0x00000000000001e0
Event: 1.376 Thread 0x00000205195ca160 Uncommon trap: reason=unstable_if action=reinterpret pc=0x0000020524786700 method=java.lang.String.startsWith(Ljava/lang/String;I)Z @ 14 c2
Event: 1.376 Thread 0x00000205195ca160 DEOPT PACKING pc=0x0000020524786700 sp=0x0000006878cfe3a0
Event: 1.376 Thread 0x00000205195ca160 DEOPT UNPACKING pc=0x000002051ccd23a3 sp=0x0000006878cfe300 mode 2
Event: 1.376 Thread 0x00000205195ca160 Uncommon trap: trap_request=0xffffff45 fr.pc=0x0000020524785228 relative=0x00000000000000a8
Event: 1.376 Thread 0x00000205195ca160 Uncommon trap: reason=unstable_if action=reinterpret pc=0x0000020524785228 method=java.nio.Buffer.limit(I)Ljava/nio/Buffer; @ 42 c2
Event: 1.376 Thread 0x00000205195ca160 DEOPT PACKING pc=0x0000020524785228 sp=0x0000006878cfdc90
Event: 1.376 Thread 0x00000205195ca160 DEOPT UNPACKING pc=0x000002051ccd23a3 sp=0x0000006878cfdc18 mode 2
Event: 1.376 Thread 0x00000205195ca160 Uncommon trap: trap_request=0xffffff45 fr.pc=0x000002052477fb74 relative=0x0000000000000074
Event: 1.376 Thread 0x00000205195ca160 Uncommon trap: reason=unstable_if action=reinterpret pc=0x000002052477fb74 method=jdk.internal.misc.Unsafe.convEndian(ZI)I @ 4 c2
Event: 1.376 Thread 0x00000205195ca160 DEOPT PACKING pc=0x000002052477fb74 sp=0x0000006878cfdbd0
Event: 1.376 Thread 0x00000205195ca160 DEOPT UNPACKING pc=0x000002051ccd23a3 sp=0x0000006878cfdad8 mode 2
Event: 1.387 Thread 0x00000205195ca160 Uncommon trap: trap_request=0xffffff45 fr.pc=0x0000020524780b8c relative=0x00000000000001ec
Event: 1.387 Thread 0x00000205195ca160 Uncommon trap: reason=unstable_if action=reinterpret pc=0x0000020524780b8c method=java.io.WinNTFileSystem.normalize(Ljava/lang/String;)Ljava/lang/String; @ 104 c2
Event: 1.387 Thread 0x00000205195ca160 DEOPT PACKING pc=0x0000020524780b8c sp=0x0000006878cfe710
Event: 1.387 Thread 0x00000205195ca160 DEOPT UNPACKING pc=0x000002051ccd23a3 sp=0x0000006878cfe688 mode 2

Classes unloaded (0 events):
No events

Classes redefined (0 events):
No events

Internal exceptions (12 events):
Event: 0.290 Thread 0x00000205195ca160 Exception <a 'java/lang/ClassNotFoundException'{0x0000000091a7d390}: sun/awt/resources/spi/awtProvider> (0x0000000091a7d390) 
thrown [e:\jenkins\tmp\workspace\build\src\src\hotspot\share\classfile\systemDictionary.cpp, line 256]
Event: 0.339 Thread 0x00000205195ca160 Exception <a 'java/io/FileNotFoundException'{0x0000000091ad7920}> (0x0000000091ad7920) 
thrown [e:\jenkins\tmp\workspace\build\src\src\hotspot\share\prims\jni.cpp, line 516]
Event: 0.351 Thread 0x00000205195ca160 Exception <a 'java/io/FileNotFoundException'{0x0000000091905068}> (0x0000000091905068) 
thrown [e:\jenkins\tmp\workspace\build\src\src\hotspot\share\prims\jni.cpp, line 516]
Event: 0.432 Thread 0x00000205195ca160 Exception <a 'java/lang/NoSuchMethodError'{0x0000000091955468}: 'java.lang.Object java.lang.invoke.DirectMethodHandle$Holder.invokeStaticInit(java.lang.Object)'> (0x0000000091955468) 
thrown [e:\jenkins\tmp\workspace\build\src\src\hotspot\share\interpreter\linkResolver.cpp, line 766]
Event: 0.593 Thread 0x00000205195ca160 Exception <a 'java/lang/NoSuchMethodError'{0x0000000091816350}: 'void java.lang.invoke.DirectMethodHandle$Holder.invokeSpecial(java.lang.Object, java.lang.Object, java.lang.Object)'> (0x0000000091816350) 
thrown [e:\jenkins\tmp\workspace\build\src\src\hotspot\share\interpreter\linkResolver.cpp, line 766]
Event: 0.607 Thread 0x00000205195ca160 Exception <a 'java/lang/NoSuchMethodError'{0x00000000918404d0}: 'java.lang.Object java.lang.invoke.DirectMethodHandle$Holder.newInvokeSpecial(java.lang.Object, java.lang.Object, java.lang.Object, java.lang.Object, java.lang.Object)'> (0x00000000918404d0) 
thrown [e:\jenkins\tmp\workspace\build\src\src\hotspot\share\interpreter\linkResolver.cpp, line 766]
Event: 0.609 Thread 0x00000205195ca160 Exception <a 'java/lang/NoSuchMethodError'{0x000000009184be98}: 'java.lang.Object java.lang.invoke.DirectMethodHandle$Holder.invokeStatic(java.lang.Object, int, java.lang.Object, java.lang.Object, java.lang.Object, java.lang.Object)'> (0x000000009184be98) 
thrown [e:\jenkins\tmp\workspace\build\src\src\hotspot\share\interpreter\linkResolver.cpp, line 766]
Event: 0.616 Thread 0x00000205195ca160 Exception <a 'java/lang/NoSuchMethodError'{0x0000000091871658}: 'java.lang.Object java.lang.invoke.DirectMethodHandle$Holder.invokeStatic(java.lang.Object, int, java.lang.Object)'> (0x0000000091871658) 
thrown [e:\jenkins\tmp\workspace\build\src\src\hotspot\share\interpreter\linkResolver.cpp, line 766]
Event: 0.654 Thread 0x00000205195ca160 Exception <a 'java/lang/ClassNotFoundException'{0x0000000091729628}: com/sun/swing/internal/plaf/metal/resources/spi/metalProvider> (0x0000000091729628) 
thrown [e:\jenkins\tmp\workspace\build\src\src\hotspot\share\classfile\systemDictionary.cpp, line 256]
Event: 0.655 Thread 0x00000205195ca160 Exception <a 'java/lang/ClassNotFoundException'{0x000000009172d500}: com/sun/swing/internal/plaf/basic/resources/spi/basicProvider> (0x000000009172d500) 
thrown [e:\jenkins\tmp\workspace\build\src\src\hotspot\share\classfile\systemDictionary.cpp, line 256]
Event: 0.684 Thread 0x0000020534189550 Exception <a 'java/lang/NoSuchMethodError'{0x0000000091985b90}: 'void java.lang.invoke.DirectMethodHandle$Holder.invokeVirtual(java.lang.Object, java.lang.Object)'> (0x0000000091985b90) 
thrown [e:\jenkins\tmp\workspace\build\src\src\hotspot\share\interpreter\linkResolver.cpp, line 766]
Event: 0.711 Thread 0x00000205195ca160 Exception <a 'java/lang/NoSuchMethodError'{0x0000000091767ba8}: 'void java.lang.invoke.DirectMethodHandle$Holder.invokeStaticInit(java.lang.Object)'> (0x0000000091767ba8) 
thrown [e:\jenkins\tmp\workspace\build\src\src\hotspot\share\interpreter\linkResolver.cpp, line 766]

VM Operations (14 events):
Event: 0.653 Executing VM operation: HandshakeAllThreads
Event: 0.653 Executing VM operation: HandshakeAllThreads done
Event: 0.696 Executing VM operation: HandshakeAllThreads
Event: 0.696 Executing VM operation: HandshakeAllThreads done
Event: 0.747 Executing VM operation: HandshakeAllThreads
Event: 0.747 Executing VM operation: HandshakeAllThreads done
Event: 0.879 Executing VM operation: HandshakeAllThreads
Event: 0.891 Executing VM operation: HandshakeAllThreads done
Event: 1.309 Executing VM operation: HandshakeAllThreads
Event: 1.309 Executing VM operation: HandshakeAllThreads done
Event: 1.309 Executing VM operation: Cleanup
Event: 1.310 Executing VM operation: Cleanup done
Event: 1.310 Executing VM operation: HandshakeAllThreads
Event: 1.310 Executing VM operation: HandshakeAllThreads done

Events (20 events):
Event: 1.423 loading class java/util/regex/Pattern$BranchConn done
Event: 1.423 loading class java/util/regex/Pattern$Branch
Event: 1.423 loading class java/util/regex/Pattern$Branch done
Event: 1.424 loading class java/util/regex/Pattern$Neg
Event: 1.424 loading class java/util/regex/Pattern$Neg done
Event: 1.425 loading class java/util/regex/Pattern$Begin
Event: 1.425 loading class java/util/regex/Pattern$Begin done
Event: 1.425 loading class java/util/regex/Pattern$First
Event: 1.425 loading class java/util/regex/Pattern$First done
Event: 1.425 loading class java/util/regex/Pattern$StartS
Event: 1.425 loading class java/util/regex/Pattern$Start
Event: 1.425 loading class java/util/regex/Pattern$Start done
Event: 1.425 loading class java/util/regex/Pattern$StartS done
Event: 1.425 loading class java/util/regex/Pattern$TreeInfo
Event: 1.425 loading class java/util/regex/Pattern$TreeInfo done
Event: 1.425 loading class java/util/regex/Pattern$Dollar
Event: 1.426 loading class java/util/regex/Pattern$Dollar done
Event: 1.426 loading class java/util/regex/Pattern$Curly
Event: 1.426 loading class java/util/regex/Pattern$Curly done
Event: 1.426 loading class java/util/regex/Matcher


Dynamic libraries:
0x00007ff70e950000 - 0x00007ff70e95e000 	C:\Users\Akash\.p2\pool\plugins\org.eclipse.justj.openjdk.hotspot.jre.full.win32.x86_64_17.0.2.v20220201-1208\jre\bin\javaw.exe
0x00007ffcb54d0000 - 0x00007ffcb56e4000 	C:\WINDOWS\SYSTEM32\ntdll.dll
0x00007ffcb47d0000 - 0x00007ffcb4892000 	C:\WINDOWS\System32\KERNEL32.DLL
0x00007ffcb2b80000 - 0x00007ffcb2f23000 	C:\WINDOWS\System32\KERNELBASE.dll
0x00007ffcb30d0000 - 0x00007ffcb31e1000 	C:\WINDOWS\System32\ucrtbase.dll
0x00007ffc681d0000 - 0x00007ffc681e9000 	C:\Users\Akash\.p2\pool\plugins\org.eclipse.justj.openjdk.hotspot.jre.full.win32.x86_64_17.0.2.v20220201-1208\jre\bin\VCRUNTIME140.dll
0x00007ffc681b0000 - 0x00007ffc681c8000 	C:\Users\Akash\.p2\pool\plugins\org.eclipse.justj.openjdk.hotspot.jre.full.win32.x86_64_17.0.2.v20220201-1208\jre\bin\jli.dll
0x00007ffcb4620000 - 0x00007ffcb47cb000 	C:\WINDOWS\System32\USER32.dll
0x00007ffc98320000 - 0x00007ffc985ae000 	C:\WINDOWS\WinSxS\amd64_microsoft.windows.common-controls_6595b64144ccf1df_6.0.22621.1635_none_270f70857386168e\COMCTL32.dll
0x00007ffcb30a0000 - 0x00007ffcb30c6000 	C:\WINDOWS\System32\win32u.dll
0x00007ffcb4410000 - 0x00007ffcb44b7000 	C:\WINDOWS\System32\msvcrt.dll
0x00007ffcb4b70000 - 0x00007ffcb4b99000 	C:\WINDOWS\System32\GDI32.dll
0x00007ffcb28d0000 - 0x00007ffcb29e9000 	C:\WINDOWS\System32\gdi32full.dll
0x00007ffcb29f0000 - 0x00007ffcb2a8a000 	C:\WINDOWS\System32\msvcp_win.dll
0x00007ffcb44e0000 - 0x00007ffcb4511000 	C:\WINDOWS\System32\IMM32.DLL
0x00007ffc912f0000 - 0x00007ffc912fc000 	C:\Users\Akash\.p2\pool\plugins\org.eclipse.justj.openjdk.hotspot.jre.full.win32.x86_64_17.0.2.v20220201-1208\jre\bin\vcruntime140_1.dll
0x00007ffc568f0000 - 0x00007ffc56981000 	C:\Users\Akash\.p2\pool\plugins\org.eclipse.justj.openjdk.hotspot.jre.full.win32.x86_64_17.0.2.v20220201-1208\jre\bin\msvcp140.dll
0x00007ffc34680000 - 0x00007ffc352c7000 	C:\Users\Akash\.p2\pool\plugins\org.eclipse.justj.openjdk.hotspot.jre.full.win32.x86_64_17.0.2.v20220201-1208\jre\bin\server\jvm.dll
0x00007ffcb3620000 - 0x00007ffcb36ce000 	C:\WINDOWS\System32\ADVAPI32.dll
0x00007ffcb3470000 - 0x00007ffcb3514000 	C:\WINDOWS\System32\sechost.dll
0x00007ffcb4a50000 - 0x00007ffcb4b67000 	C:\WINDOWS\System32\RPCRT4.dll
0x00007ffcb3ed0000 - 0x00007ffcb3ed8000 	C:\WINDOWS\System32\PSAPI.DLL
0x00007ffc9b380000 - 0x00007ffc9b389000 	C:\WINDOWS\SYSTEM32\WSOCK32.dll
0x00007ffcaa0e0000 - 0x00007ffcaa114000 	C:\WINDOWS\SYSTEM32\WINMM.dll
0x00007ffcb4c00000 - 0x00007ffcb4c71000 	C:\WINDOWS\System32\WS2_32.dll
0x00007ffcabea0000 - 0x00007ffcabeaa000 	C:\WINDOWS\SYSTEM32\VERSION.dll
0x00007ffcb1920000 - 0x00007ffcb1938000 	C:\WINDOWS\SYSTEM32\kernel.appcore.dll
0x00007ffc96f80000 - 0x00007ffc96f8a000 	C:\Users\Akash\.p2\pool\plugins\org.eclipse.justj.openjdk.hotspot.jre.full.win32.x86_64_17.0.2.v20220201-1208\jre\bin\jimage.dll
0x00007ffca3760000 - 0x00007ffca398e000 	C:\WINDOWS\SYSTEM32\DBGHELP.DLL
0x00007ffcb4c80000 - 0x00007ffcb5009000 	C:\WINDOWS\System32\combase.dll
0x00007ffcb40b0000 - 0x00007ffcb4187000 	C:\WINDOWS\System32\OLEAUT32.dll
0x00007ffc92170000 - 0x00007ffc921a2000 	C:\WINDOWS\SYSTEM32\dbgcore.DLL
0x00007ffcb2b00000 - 0x00007ffcb2b7b000 	C:\WINDOWS\System32\bcryptPrimitives.dll
0x00007ffc70ce0000 - 0x00007ffc70d05000 	C:\Users\Akash\.p2\pool\plugins\org.eclipse.justj.openjdk.hotspot.jre.full.win32.x86_64_17.0.2.v20220201-1208\jre\bin\java.dll
0x00007ffc7cbd0000 - 0x00007ffc7cbe8000 	C:\Users\Akash\.p2\pool\plugins\org.eclipse.justj.openjdk.hotspot.jre.full.win32.x86_64_17.0.2.v20220201-1208\jre\bin\zip.dll
0x00007ffcb36d0000 - 0x00007ffcb3eca000 	C:\WINDOWS\System32\SHELL32.dll
0x00007ffcb08d0000 - 0x00007ffcb119e000 	C:\WINDOWS\SYSTEM32\windows.storage.dll
0x00007ffcb0790000 - 0x00007ffcb08ce000 	C:\WINDOWS\SYSTEM32\wintypes.dll
0x00007ffcb4520000 - 0x00007ffcb4611000 	C:\WINDOWS\System32\SHCORE.dll
0x00007ffcb4020000 - 0x00007ffcb407e000 	C:\WINDOWS\System32\shlwapi.dll
0x00007ffcb2800000 - 0x00007ffcb2821000 	C:\WINDOWS\SYSTEM32\profapi.dll
0x00007ffc6d360000 - 0x00007ffc6d379000 	C:\Users\Akash\.p2\pool\plugins\org.eclipse.justj.openjdk.hotspot.jre.full.win32.x86_64_17.0.2.v20220201-1208\jre\bin\net.dll
0x00007ffcab9f0000 - 0x00007ffcabb27000 	C:\WINDOWS\SYSTEM32\WINHTTP.dll
0x00007ffcb1d90000 - 0x00007ffcb1df9000 	C:\WINDOWS\system32\mswsock.dll
0x00007ffc6d2a0000 - 0x00007ffc6d2b5000 	C:\Users\Akash\.p2\pool\plugins\org.eclipse.justj.openjdk.hotspot.jre.full.win32.x86_64_17.0.2.v20220201-1208\jre\bin\nio.dll
0x00007ffc33890000 - 0x00007ffc33a1e000 	C:\Users\Akash\.p2\pool\plugins\org.eclipse.justj.openjdk.hotspot.jre.full.win32.x86_64_17.0.2.v20220201-1208\jre\bin\awt.dll
0x00007ffcafd10000 - 0x00007ffcafda7000 	C:\WINDOWS\SYSTEM32\apphelp.dll
0x00007ffcb0220000 - 0x00007ffcb024b000 	C:\WINDOWS\system32\DWMAPI.DLL
0x00007ffcafee0000 - 0x00007ffcaff8b000 	C:\WINDOWS\system32\uxtheme.dll
0x00007ffc5bf40000 - 0x00007ffc5c040000 	C:\WINDOWS\system32\opengl32.dll
0x00007ffc6ba40000 - 0x00007ffc6ba6d000 	C:\WINDOWS\SYSTEM32\GLU32.dll
0x00007ffcaffe0000 - 0x00007ffcb0018000 	C:\WINDOWS\SYSTEM32\dxcore.dll
0x00007ffcb3ef0000 - 0x00007ffcb4017000 	C:\WINDOWS\System32\MSCTF.dll
0x00007ffcb4190000 - 0x00007ffcb432c000 	C:\WINDOWS\System32\ole32.dll
0x00007ffc9c1d0000 - 0x00007ffc9c379000 	C:\WINDOWS\system32\d3d9.dll
0x00007ffca8610000 - 0x00007ffca87cb000 	C:\WINDOWS\System32\DriverStore\FileRepository\u0380820.inf_amd64_6119cd089c5cd1f7\B380779\aticfx64.dll
0x00007ffc9c400000 - 0x00007ffc9c434000 	C:\WINDOWS\System32\DriverStore\FileRepository\u0380820.inf_amd64_6119cd089c5cd1f7\B380779\atiu9p64.dll
0x00007ffc41a30000 - 0x00007ffc42785000 	C:\WINDOWS\System32\DriverStore\FileRepository\u0380820.inf_amd64_6119cd089c5cd1f7\B380779\atiumd64.dll
0x000000005f1a0000 - 0x00000000600c6000 	C:\WINDOWS\System32\DriverStore\FileRepository\u0380820.inf_amd64_6119cd089c5cd1f7\B380779\atiumd6a.dll
0x00007ffcb5010000 - 0x00007ffcb5484000 	C:\WINDOWS\System32\SETUPAPI.dll
0x00007ffcb27a0000 - 0x00007ffcb27ed000 	C:\WINDOWS\SYSTEM32\POWRPROF.dll
0x00007ffcb2780000 - 0x00007ffcb2793000 	C:\WINDOWS\SYSTEM32\UMPDC.dll
0x00007ffca6420000 - 0x00007ffca6455000 	C:\WINDOWS\SYSTEM32\amdihk64.dll
0x00007ffcac1d0000 - 0x00007ffcac218000 	C:\WINDOWS\SYSTEM32\directxdatabasehelper.dll
0x00007ffc33800000 - 0x00007ffc33889000 	C:\Users\Akash\.p2\pool\plugins\org.eclipse.justj.openjdk.hotspot.jre.full.win32.x86_64_17.0.2.v20220201-1208\jre\bin\freetype.dll
0x00007ffc30cf0000 - 0x00007ffc30d98000 	C:\Users\Akash\.p2\pool\plugins\org.eclipse.justj.openjdk.hotspot.jre.full.win32.x86_64_17.0.2.v20220201-1208\jre\bin\fontmanager.dll
0x00007ffc985d0000 - 0x00007ffc986fd000 	C:\WINDOWS\SYSTEM32\textinputframework.dll
0x00007ffcb4920000 - 0x00007ffcb49d0000 	C:\WINDOWS\System32\clbcatq.dll
0x00007ffcae650000 - 0x00007ffcae800000 	C:\WINDOWS\SYSTEM32\WindowsCodecs.dll
0x00007ffc90a40000 - 0x00007ffc90a9e000 	C:\WINDOWS\system32\dataexchange.dll
0x00007ffca8fc0000 - 0x00007ffca922e000 	C:\WINDOWS\system32\twinapi.appcore.dll
0x00007ffcaf920000 - 0x00007ffcafa53000 	C:\WINDOWS\SYSTEM32\CoreMessaging.dll
0x00007ffcab3f0000 - 0x00007ffcab75c000 	C:\WINDOWS\SYSTEM32\CoreUIComponents.dll
0x00007ffcb1ff0000 - 0x00007ffcb1ffc000 	C:\WINDOWS\SYSTEM32\CRYPTBASE.DLL

dbghelp: loaded successfully - version: 4.0.5 - missing functions: none
symbol engine: initialized successfully - sym options: 0x614 - pdb path: .;C:\Users\Akash\.p2\pool\plugins\org.eclipse.justj.openjdk.hotspot.jre.full.win32.x86_64_17.0.2.v20220201-1208\jre\bin;C:\WINDOWS\SYSTEM32;C:\WINDOWS\WinSxS\amd64_microsoft.windows.common-controls_6595b64144ccf1df_6.0.22621.1635_none_270f70857386168e;C:\Users\Akash\.p2\pool\plugins\org.eclipse.justj.openjdk.hotspot.jre.full.win32.x86_64_17.0.2.v20220201-1208\jre\bin\server;C:\WINDOWS\System32\DriverStore\FileRepository\u0380820.inf_amd64_6119cd089c5cd1f7\B380779

VM Arguments:
jvm_args: -Dfile.encoding=Cp1252 -XX:+ShowCodeDetailsInExceptionMessages 
java_command: RemoveSongs
java_class_path (initial): C:\Users\Akash\eclipse-workspace\Music_playlist\bin;C:\Users\Akash\OneDrive\Desktop\notes\mysql-connector-java-8.0.28 (1).jar
Launcher Type: SUN_STANDARD

[Global flags]
     intx CICompilerCount                          = 4                                         {product} {ergonomic}
     uint ConcGCThreads                            = 3                                         {product} {ergonomic}
     uint G1ConcRefinementThreads                  = 10                                        {product} {ergonomic}
   size_t G1HeapRegionSize                         = 1048576                                   {product} {ergonomic}
    uintx GCDrainStackTargetSize                   = 64                                        {product} {ergonomic}
   size_t InitialHeapSize                          = 123731968                                 {product} {ergonomic}
   size_t MarkStackSize                            = 4194304                                   {product} {ergonomic}
   size_t MaxHeapSize                              = 1973420032                                {product} {ergonomic}
   size_t MaxNewSize                               = 1183842304                                {product} {ergonomic}
   size_t MinHeapDeltaBytes                        = 1048576                                   {product} {ergonomic}
   size_t MinHeapSize                              = 8388608                                   {product} {ergonomic}
    uintx NonNMethodCodeHeapSize                   = 5839372                                {pd product} {ergonomic}
    uintx NonProfiledCodeHeapSize                  = 122909434                              {pd product} {ergonomic}
    uintx ProfiledCodeHeapSize                     = 122909434                              {pd product} {ergonomic}
    uintx ReservedCodeCacheSize                    = 251658240                              {pd product} {ergonomic}
     bool SegmentedCodeCache                       = true                                      {product} {ergonomic}
     bool ShowCodeDetailsInExceptionMessages       = true                                   {manageable} {command line}
   size_t SoftMaxHeapSize                          = 1973420032                             {manageable} {ergonomic}
     bool UseCompressedClassPointers               = true                           {product lp64_product} {ergonomic}
     bool UseCompressedOops                        = true                           {product lp64_product} {ergonomic}
     bool UseG1GC                                  = true                                      {product} {ergonomic}
     bool UseLargePagesIndividualAllocation        = false                                  {pd product} {ergonomic}

Logging:
Log output configuration:
 #0: stdout all=warning uptime,level,tags
 #1: stderr all=off uptime,level,tags

Environment Variables:
PATH=C:/Users/Akash/.p2/pool/plugins/org.eclipse.justj.openjdk.hotspot.jre.full.win32.x86_64_17.0.2.v20220201-1208/jre/bin/server;C:/Users/Akash/.p2/pool/plugins/org.eclipse.justj.openjdk.hotspot.jre.full.win32.x86_64_17.0.2.v20220201-1208/jre/bin;C:\Program Files (x86)\VMware\VMware Player\bin\;C:\oraclexe\app\oracle\product\11.2.0\server\bin;C:\Program Files\Common Files\Oracle\Java\javapath;C:\Program Files (x86)\Common Files\Oracle\Java\javapath;C:\windows\system32;C:\windows;C:\windows\System32\Wbem;C:\windows\System32\WindowsPowerShell\v1.0\;C:\windows\System32\OpenSSH\;C:\Program Files (x86)\NVIDIA Corporation\PhysX\Common;C:\Program Files\Microsoft SQL Server\Client SDK\ODBC\170\Tools\Binn\;C:\Program Files (x86)\Microsoft SQL Server\150\Tools\Binn\;C:\Program Files\Microsoft SQL Server\150\Tools\Binn\;C:\Program Files\Microsoft SQL Server\150\DTS\Binn\;C:\Program Files\Azure Data Studio\bin;D:\;C:\Program Files\dotnet\;C:\Program Files\Microsoft SQL Server\130\Tools\Binn\;C:\Program Files\Git\cmd;C:\WINDOWS\system32;C:\WINDOWS;C:\WINDOWS\System32\Wbem;C:\WINDOWS\System32\WindowsPowerShell\v1.0\;C:\WINDOWS\System32\OpenSSH\;C:\Users\Akash\AppData\Local\Programs\Python\Python310\Scripts;C:\Program Files\MySQL\MySQL Shell 8.0\bin\;C:\Users\Akash\AppData\Local\Microsoft\WindowsApps;C:\Program Files\Azure Data Studio\bin;C:\Users\Akash\AppData\Local\atom\bin;C:\Users\Akash\AppData\Local\Programs\Microsoft VS Code\bin;C:\MinGW\bin;D:\CodeBlocks\MinGW\bin;C:\Users\Akash\.dotnet\tools;C:\Users\Akash\AppData\Local\Microsoft\WindowsApps;;C:\WINDOWS\System32;
USERNAME=Akash
OS=Windows_NT
PROCESSOR_IDENTIFIER=AMD64 Family 25 Model 80 Stepping 0, AuthenticAMD



---------------  S Y S T E M  ---------------

OS:
 Windows 11 , 64 bit Build 22621 (10.0.22621.1778)
OS uptime: 4 days 20:07 hours

CPU: total 12 (initial active 12) (12 cores per cpu, 2 threads per core) family 25 model 80 stepping 0 microcode 0x0, cx8, cmov, fxsr, ht, mmx, 3dnowpref, sse, sse2, sse3, ssse3, sse4a, sse4.1, sse4.2, popcnt, lzcnt, tsc, tscinvbit, avx, avx2, aes, erms, clmul, bmi1, bmi2, adx, sha, fma, vzeroupper, clflush, clflushopt

Memory: 4k page, system-wide physical 7521M (237M free)
TotalPageFile size 31073M (AvailPageFile size 0M)
current process WorkingSet (physical memory assigned to process): 92M, peak: 92M
current process commit charge ("private bytes"): 230M, peak: 239M

vm_info: OpenJDK 64-Bit Server VM (17.0.2+8) for windows-amd64 JRE (17.0.2+8), built on Jan 20 2022 04:52:34 by "" with MS VC++ 16.7 (VS2019)

END.
