#
# There is insufficient memory for the Java Runtime Environment to continue.
# Native memory allocation (mmap) failed to map 65536 bytes for Failed to commit metaspace.
# Possible reasons:
#   The system is out of physical RAM or swap space
#   The process is running with CompressedOops enabled, and the Java Heap may be blocking the growth of the native heap
# Possible solutions:
#   Reduce memory load on the system
#   Increase physical memory or swap space
#   Check if swap backing store is full
#   Decrease Java heap size (-Xmx/-Xms)
#   Decrease number of Java threads
#   Decrease Java thread stack sizes (-Xss)
#   Set larger code cache with -XX:ReservedCodeCacheSize=
#   JVM is running with Unscaled Compressed Oops mode in which the Java heap is
#     placed in the first 4GB address space. The Java Heap base address is the
#     maximum limit for the native heap growth. Please use -XX:HeapBaseMinAddress
#     to set the Java Heap base and to place the Java Heap above 4GB virtual address.
# This output file may be truncated or incomplete.
#
#  Out of Memory Error (virtualSpaceNode.cpp:110), pid=12644, tid=25216
#
# JRE version: OpenJDK Runtime Environment Temurin-17.0.2+8 (17.0.2+8) (build 17.0.2+8)
# Java VM: OpenJDK 64-Bit Server VM Temurin-17.0.2+8 (17.0.2+8, mixed mode, tiered, compressed oops, compressed class ptrs, g1 gc, windows-amd64)
# No core dump will be written. Minidumps are not enabled by default on client versions of Windows
#

---------------  S U M M A R Y ------------

Command Line: -Dfile.encoding=Cp1252 -XX:+ShowCodeDetailsInExceptionMessages RemoveSongs

Host: AMD Ryzen 5 5600H with Radeon Graphics         , 12 cores, 7G,  Windows 11 , 64 bit Build 22621 (10.0.22621.1778)
Time: Fri Jun 30 17:32:35 2023 India Standard Time elapsed time: 0.379721 seconds (0d 0h 0m 0s)

---------------  T H R E A D  ---------------

Current thread (0x0000023e1e2ea7e0):  JavaThread "main" [_thread_in_vm, id=25216, stack(0x00000066f6c00000,0x00000066f6d00000)]

Stack: [0x00000066f6c00000,0x00000066f6d00000]
Native frames: (J=compiled Java code, j=interpreted, Vv=VM code, C=native code)
V  [jvm.dll+0x67564a]
V  [jvm.dll+0x82fc04]
V  [jvm.dll+0x8313ae]
V  [jvm.dll+0x831a13]
V  [jvm.dll+0x245235]
V  [jvm.dll+0x82bbab]
V  [jvm.dll+0x61a336]
V  [jvm.dll+0x61a39a]
V  [jvm.dll+0x61cbba]
V  [jvm.dll+0x61acd6]
V  [jvm.dll+0x23ce48]
V  [jvm.dll+0x6cba25]
V  [jvm.dll+0x6cc41f]
V  [jvm.dll+0x36f9b3]
V  [jvm.dll+0x36eb72]
V  [jvm.dll+0x36eb18]
V  [jvm.dll+0x55b06f]
V  [jvm.dll+0x55b118]
V  [jvm.dll+0x3824de]
V  [jvm.dll+0x381f82]
C  0x0000023e23348a7e

Java frames: (J=compiled Java code, j=interpreted, Vv=VM code)
j  sun.java2d.NullSurfaceData.<init>()V+4 java.desktop@17.0.2
j  sun.java2d.NullSurfaceData.<clinit>()V+4 java.desktop@17.0.2
v  ~StubRoutines::call_stub
j  sun.java2d.SurfaceData.initIDs()V+0 java.desktop@17.0.2
j  sun.java2d.SurfaceData.<clinit>()V+0 java.desktop@17.0.2
v  ~StubRoutines::call_stub
j  sun.awt.windows.WToolkit.initIDs()V+0 java.desktop@17.0.2
j  sun.awt.windows.WToolkit.<clinit>()V+20 java.desktop@17.0.2
v  ~StubRoutines::call_stub
j  sun.awt.Win32GraphicsEnvironment.<clinit>()V+16 java.desktop@17.0.2
v  ~StubRoutines::call_stub
j  sun.awt.PlatformGraphicsInfo.createGE()Ljava/awt/GraphicsEnvironment;+0 java.desktop@17.0.2
j  java.awt.GraphicsEnvironment$LocalGE.createGE()Ljava/awt/GraphicsEnvironment;+0 java.desktop@17.0.2
j  java.awt.GraphicsEnvironment$LocalGE.<clinit>()V+0 java.desktop@17.0.2
v  ~StubRoutines::call_stub
j  java.awt.GraphicsEnvironment.getLocalGraphicsEnvironment()Ljava/awt/GraphicsEnvironment;+0 java.desktop@17.0.2
j  java.awt.Window.initGC(Ljava/awt/GraphicsConfiguration;)Ljava/awt/GraphicsConfiguration;+7 java.desktop@17.0.2
j  java.awt.Window.init(Ljava/awt/GraphicsConfiguration;)V+45 java.desktop@17.0.2
j  java.awt.Window.<init>()V+124 java.desktop@17.0.2
j  java.awt.Frame.<init>(Ljava/lang/String;)V+1 java.desktop@17.0.2
j  java.awt.Frame.<init>()V+3 java.desktop@17.0.2
j  javax.swing.JFrame.<init>()V+1 java.desktop@17.0.2
j  RemoveSongs.<init>(Ljava/lang/String;)V+1
j  RemoveSongs.main([Ljava/lang/String;)V+6
v  ~StubRoutines::call_stub

---------------  P R O C E S S  ---------------

Threads class SMR info:
_java_thread_list=0x0000023e3ad9edc0, length=12, elements={
0x0000023e1e2ea7e0, 0x0000023e3ac12010, 0x0000023e3ac138e0, 0x0000023e3a2b8760,
0x0000023e3a2b9020, 0x0000023e3a2b9fe0, 0x0000023e3ac2d010, 0x0000023e3ac317a0,
0x0000023e3ac326b0, 0x0000023e3ac3baa0, 0x0000023e3ad9f0f0, 0x0000023e3adb24e0
}

Java Threads: ( => current thread )
=>0x0000023e1e2ea7e0 JavaThread "main" [_thread_in_vm, id=25216, stack(0x00000066f6c00000,0x00000066f6d00000)]
  0x0000023e3ac12010 JavaThread "Reference Handler" daemon [_thread_blocked, id=26044, stack(0x00000066f7300000,0x00000066f7400000)]
  0x0000023e3ac138e0 JavaThread "Finalizer" daemon [_thread_blocked, id=26472, stack(0x00000066f7400000,0x00000066f7500000)]
  0x0000023e3a2b8760 JavaThread "Signal Dispatcher" daemon [_thread_blocked, id=26308, stack(0x00000066f7500000,0x00000066f7600000)]
  0x0000023e3a2b9020 JavaThread "Attach Listener" daemon [_thread_blocked, id=30000, stack(0x00000066f7600000,0x00000066f7700000)]
  0x0000023e3a2b9fe0 JavaThread "Service Thread" daemon [_thread_blocked, id=28744, stack(0x00000066f7700000,0x00000066f7800000)]
  0x0000023e3ac2d010 JavaThread "Monitor Deflation Thread" daemon [_thread_blocked, id=31028, stack(0x00000066f7800000,0x00000066f7900000)]
  0x0000023e3ac317a0 JavaThread "C2 CompilerThread0" daemon [_thread_blocked, id=30764, stack(0x00000066f7900000,0x00000066f7a00000)]
  0x0000023e3ac326b0 JavaThread "C1 CompilerThread0" daemon [_thread_blocked, id=28716, stack(0x00000066f7a00000,0x00000066f7b00000)]
  0x0000023e3ac3baa0 JavaThread "Sweeper thread" daemon [_thread_blocked, id=31184, stack(0x00000066f7b00000,0x00000066f7c00000)]
  0x0000023e3ad9f0f0 JavaThread "Notification Thread" daemon [_thread_blocked, id=31104, stack(0x00000066f7c00000,0x00000066f7d00000)]
  0x0000023e3adb24e0 JavaThread "Common-Cleaner" daemon [_thread_blocked, id=30104, stack(0x00000066f7e00000,0x00000066f7f00000)]

Other Threads:
  0x0000023e3a2cebb0 VMThread "VM Thread" [stack: 0x00000066f7200000,0x00000066f7300000] [id=29264]
  0x0000023e3ad9f9d0 WatcherThread [stack: 0x00000066f7d00000,0x00000066f7e00000] [id=29772]
  0x0000023e1e4ca010 GCTaskThread "GC Thread#0" [stack: 0x00000066f6d00000,0x00000066f6e00000] [id=30744]
  0x0000023e1e4da390 ConcurrentGCThread "G1 Main Marker" [stack: 0x00000066f6e00000,0x00000066f6f00000] [id=27984]
  0x0000023e1e4dada0 ConcurrentGCThread "G1 Conc#0" [stack: 0x00000066f6f00000,0x00000066f7000000] [id=26428]
  0x0000023e1e5596e0 ConcurrentGCThread "G1 Refine#0" [stack: 0x00000066f7000000,0x00000066f7100000] [id=30276]
  0x0000023e3a1120b0 ConcurrentGCThread "G1 Service" [stack: 0x00000066f7100000,0x00000066f7200000] [id=31676]

Threads with active compile tasks:

VM state: not at safepoint (normal execution)

VM Mutex/Monitor currently owned by a thread:  ([mutex/lock_event])
[0x0000023e1e2e81b0] Metaspace_lock - owner thread: 0x0000023e1e2ea7e0

Heap address: 0x000000008a600000, size: 1882 MB, Compressed Oops mode: 32-bit

CDS archive(s) not mapped
Compressed class space mapped at: 0x0000000100000000-0x0000000140000000, reserved size: 1073741824
Narrow klass base: 0x0000000000000000, Narrow klass shift: 3, Narrow klass range: 0x140000000

GC Precious Log:
 CPUs: 12 total, 12 available
 Memory: 7521M
 Large Page Support: Disabled
 NUMA Support: Disabled
 Compressed Oops: Enabled (32-bit)
 Heap Region Size: 1M
 Heap Min Capacity: 8M
 Heap Initial Capacity: 118M
 Heap Max Capacity: 1882M
 Pre-touch: Disabled
 Parallel Workers: 10
 Concurrent Workers: 3
 Concurrent Refinement Workers: 10
 Periodic GC: Disabled

Heap:
 garbage-first heap   total 120832K, used 2048K [0x000000008a600000, 0x0000000100000000)
  region size 1024K, 3 young (3072K), 0 survivors (0K)
 Metaspace       used 8324K, committed 8448K, reserved 1056768K
  class space    used 736K, committed 832K, reserved 1048576K

Heap Regions: E=young(eden), S=young(survivor), O=old, HS=humongous(starts), HC=humongous(continues), CS=collection set, F=free, OA=open archive, CA=closed archive, TAMS=top-at-mark-start (previous, next)
|   0|0x000000008a600000, 0x000000008a600000, 0x000000008a700000|  0%| F|  |TAMS 0x000000008a600000, 0x000000008a600000| Untracked 
|   1|0x000000008a700000, 0x000000008a700000, 0x000000008a800000|  0%| F|  |TAMS 0x000000008a700000, 0x000000008a700000| Untracked 
|   2|0x000000008a800000, 0x000000008a800000, 0x000000008a900000|  0%| F|  |TAMS 0x000000008a800000, 0x000000008a800000| Untracked 
|   3|0x000000008a900000, 0x000000008a900000, 0x000000008aa00000|  0%| F|  |TAMS 0x000000008a900000, 0x000000008a900000| Untracked 
|   4|0x000000008aa00000, 0x000000008aa00000, 0x000000008ab00000|  0%| F|  |TAMS 0x000000008aa00000, 0x000000008aa00000| Untracked 
|   5|0x000000008ab00000, 0x000000008ab00000, 0x000000008ac00000|  0%| F|  |TAMS 0x000000008ab00000, 0x000000008ab00000| Untracked 
|   6|0x000000008ac00000, 0x000000008ac00000, 0x000000008ad00000|  0%| F|  |TAMS 0x000000008ac00000, 0x000000008ac00000| Untracked 
|   7|0x000000008ad00000, 0x000000008ad00000, 0x000000008ae00000|  0%| F|  |TAMS 0x000000008ad00000, 0x000000008ad00000| Untracked 
|   8|0x000000008ae00000, 0x000000008ae00000, 0x000000008af00000|  0%| F|  |TAMS 0x000000008ae00000, 0x000000008ae00000| Untracked 
|   9|0x000000008af00000, 0x000000008af00000, 0x000000008b000000|  0%| F|  |TAMS 0x000000008af00000, 0x000000008af00000| Untracked 
|  10|0x000000008b000000, 0x000000008b000000, 0x000000008b100000|  0%| F|  |TAMS 0x000000008b000000, 0x000000008b000000| Untracked 
|  11|0x000000008b100000, 0x000000008b100000, 0x000000008b200000|  0%| F|  |TAMS 0x000000008b100000, 0x000000008b100000| Untracked 
|  12|0x000000008b200000, 0x000000008b200000, 0x000000008b300000|  0%| F|  |TAMS 0x000000008b200000, 0x000000008b200000| Untracked 
|  13|0x000000008b300000, 0x000000008b300000, 0x000000008b400000|  0%| F|  |TAMS 0x000000008b300000, 0x000000008b300000| Untracked 
|  14|0x000000008b400000, 0x000000008b400000, 0x000000008b500000|  0%| F|  |TAMS 0x000000008b400000, 0x000000008b400000| Untracked 
|  15|0x000000008b500000, 0x000000008b500000, 0x000000008b600000|  0%| F|  |TAMS 0x000000008b500000, 0x000000008b500000| Untracked 
|  16|0x000000008b600000, 0x000000008b600000, 0x000000008b700000|  0%| F|  |TAMS 0x000000008b600000, 0x000000008b600000| Untracked 
|  17|0x000000008b700000, 0x000000008b700000, 0x000000008b800000|  0%| F|  |TAMS 0x000000008b700000, 0x000000008b700000| Untracked 
|  18|0x000000008b800000, 0x000000008b800000, 0x000000008b900000|  0%| F|  |TAMS 0x000000008b800000, 0x000000008b800000| Untracked 
|  19|0x000000008b900000, 0x000000008b900000, 0x000000008ba00000|  0%| F|  |TAMS 0x000000008b900000, 0x000000008b900000| Untracked 
|  20|0x000000008ba00000, 0x000000008ba00000, 0x000000008bb00000|  0%| F|  |TAMS 0x000000008ba00000, 0x000000008ba00000| Untracked 
|  21|0x000000008bb00000, 0x000000008bb00000, 0x000000008bc00000|  0%| F|  |TAMS 0x000000008bb00000, 0x000000008bb00000| Untracked 
|  22|0x000000008bc00000, 0x000000008bc00000, 0x000000008bd00000|  0%| F|  |TAMS 0x000000008bc00000, 0x000000008bc00000| Untracked 
|  23|0x000000008bd00000, 0x000000008bd00000, 0x000000008be00000|  0%| F|  |TAMS 0x000000008bd00000, 0x000000008bd00000| Untracked 
|  24|0x000000008be00000, 0x000000008be00000, 0x000000008bf00000|  0%| F|  |TAMS 0x000000008be00000, 0x000000008be00000| Untracked 
|  25|0x000000008bf00000, 0x000000008bf00000, 0x000000008c000000|  0%| F|  |TAMS 0x000000008bf00000, 0x000000008bf00000| Untracked 
|  26|0x000000008c000000, 0x000000008c000000, 0x000000008c100000|  0%| F|  |TAMS 0x000000008c000000, 0x000000008c000000| Untracked 
|  27|0x000000008c100000, 0x000000008c100000, 0x000000008c200000|  0%| F|  |TAMS 0x000000008c100000, 0x000000008c100000| Untracked 
|  28|0x000000008c200000, 0x000000008c200000, 0x000000008c300000|  0%| F|  |TAMS 0x000000008c200000, 0x000000008c200000| Untracked 
|  29|0x000000008c300000, 0x000000008c300000, 0x000000008c400000|  0%| F|  |TAMS 0x000000008c300000, 0x000000008c300000| Untracked 
|  30|0x000000008c400000, 0x000000008c400000, 0x000000008c500000|  0%| F|  |TAMS 0x000000008c400000, 0x000000008c400000| Untracked 
|  31|0x000000008c500000, 0x000000008c500000, 0x000000008c600000|  0%| F|  |TAMS 0x000000008c500000, 0x000000008c500000| Untracked 
|  32|0x000000008c600000, 0x000000008c600000, 0x000000008c700000|  0%| F|  |TAMS 0x000000008c600000, 0x000000008c600000| Untracked 
|  33|0x000000008c700000, 0x000000008c700000, 0x000000008c800000|  0%| F|  |TAMS 0x000000008c700000, 0x000000008c700000| Untracked 
|  34|0x000000008c800000, 0x000000008c800000, 0x000000008c900000|  0%| F|  |TAMS 0x000000008c800000, 0x000000008c800000| Untracked 
|  35|0x000000008c900000, 0x000000008c900000, 0x000000008ca00000|  0%| F|  |TAMS 0x000000008c900000, 0x000000008c900000| Untracked 
|  36|0x000000008ca00000, 0x000000008ca00000, 0x000000008cb00000|  0%| F|  |TAMS 0x000000008ca00000, 0x000000008ca00000| Untracked 
|  37|0x000000008cb00000, 0x000000008cb00000, 0x000000008cc00000|  0%| F|  |TAMS 0x000000008cb00000, 0x000000008cb00000| Untracked 
|  38|0x000000008cc00000, 0x000000008cc00000, 0x000000008cd00000|  0%| F|  |TAMS 0x000000008cc00000, 0x000000008cc00000| Untracked 
|  39|0x000000008cd00000, 0x000000008cd00000, 0x000000008ce00000|  0%| F|  |TAMS 0x000000008cd00000, 0x000000008cd00000| Untracked 
|  40|0x000000008ce00000, 0x000000008ce00000, 0x000000008cf00000|  0%| F|  |TAMS 0x000000008ce00000, 0x000000008ce00000| Untracked 
|  41|0x000000008cf00000, 0x000000008cf00000, 0x000000008d000000|  0%| F|  |TAMS 0x000000008cf00000, 0x000000008cf00000| Untracked 
|  42|0x000000008d000000, 0x000000008d000000, 0x000000008d100000|  0%| F|  |TAMS 0x000000008d000000, 0x000000008d000000| Untracked 
|  43|0x000000008d100000, 0x000000008d100000, 0x000000008d200000|  0%| F|  |TAMS 0x000000008d100000, 0x000000008d100000| Untracked 
|  44|0x000000008d200000, 0x000000008d200000, 0x000000008d300000|  0%| F|  |TAMS 0x000000008d200000, 0x000000008d200000| Untracked 
|  45|0x000000008d300000, 0x000000008d300000, 0x000000008d400000|  0%| F|  |TAMS 0x000000008d300000, 0x000000008d300000| Untracked 
|  46|0x000000008d400000, 0x000000008d400000, 0x000000008d500000|  0%| F|  |TAMS 0x000000008d400000, 0x000000008d400000| Untracked 
|  47|0x000000008d500000, 0x000000008d500000, 0x000000008d600000|  0%| F|  |TAMS 0x000000008d500000, 0x000000008d500000| Untracked 
|  48|0x000000008d600000, 0x000000008d600000, 0x000000008d700000|  0%| F|  |TAMS 0x000000008d600000, 0x000000008d600000| Untracked 
|  49|0x000000008d700000, 0x000000008d700000, 0x000000008d800000|  0%| F|  |TAMS 0x000000008d700000, 0x000000008d700000| Untracked 
|  50|0x000000008d800000, 0x000000008d800000, 0x000000008d900000|  0%| F|  |TAMS 0x000000008d800000, 0x000000008d800000| Untracked 
|  51|0x000000008d900000, 0x000000008d900000, 0x000000008da00000|  0%| F|  |TAMS 0x000000008d900000, 0x000000008d900000| Untracked 
|  52|0x000000008da00000, 0x000000008da00000, 0x000000008db00000|  0%| F|  |TAMS 0x000000008da00000, 0x000000008da00000| Untracked 
|  53|0x000000008db00000, 0x000000008db00000, 0x000000008dc00000|  0%| F|  |TAMS 0x000000008db00000, 0x000000008db00000| Untracked 
|  54|0x000000008dc00000, 0x000000008dc00000, 0x000000008dd00000|  0%| F|  |TAMS 0x000000008dc00000, 0x000000008dc00000| Untracked 
|  55|0x000000008dd00000, 0x000000008dd00000, 0x000000008de00000|  0%| F|  |TAMS 0x000000008dd00000, 0x000000008dd00000| Untracked 
|  56|0x000000008de00000, 0x000000008de00000, 0x000000008df00000|  0%| F|  |TAMS 0x000000008de00000, 0x000000008de00000| Untracked 
|  57|0x000000008df00000, 0x000000008df00000, 0x000000008e000000|  0%| F|  |TAMS 0x000000008df00000, 0x000000008df00000| Untracked 
|  58|0x000000008e000000, 0x000000008e000000, 0x000000008e100000|  0%| F|  |TAMS 0x000000008e000000, 0x000000008e000000| Untracked 
|  59|0x000000008e100000, 0x000000008e100000, 0x000000008e200000|  0%| F|  |TAMS 0x000000008e100000, 0x000000008e100000| Untracked 
|  60|0x000000008e200000, 0x000000008e200000, 0x000000008e300000|  0%| F|  |TAMS 0x000000008e200000, 0x000000008e200000| Untracked 
|  61|0x000000008e300000, 0x000000008e300000, 0x000000008e400000|  0%| F|  |TAMS 0x000000008e300000, 0x000000008e300000| Untracked 
|  62|0x000000008e400000, 0x000000008e400000, 0x000000008e500000|  0%| F|  |TAMS 0x000000008e400000, 0x000000008e400000| Untracked 
|  63|0x000000008e500000, 0x000000008e500000, 0x000000008e600000|  0%| F|  |TAMS 0x000000008e500000, 0x000000008e500000| Untracked 
|  64|0x000000008e600000, 0x000000008e600000, 0x000000008e700000|  0%| F|  |TAMS 0x000000008e600000, 0x000000008e600000| Untracked 
|  65|0x000000008e700000, 0x000000008e700000, 0x000000008e800000|  0%| F|  |TAMS 0x000000008e700000, 0x000000008e700000| Untracked 
|  66|0x000000008e800000, 0x000000008e800000, 0x000000008e900000|  0%| F|  |TAMS 0x000000008e800000, 0x000000008e800000| Untracked 
|  67|0x000000008e900000, 0x000000008e900000, 0x000000008ea00000|  0%| F|  |TAMS 0x000000008e900000, 0x000000008e900000| Untracked 
|  68|0x000000008ea00000, 0x000000008ea00000, 0x000000008eb00000|  0%| F|  |TAMS 0x000000008ea00000, 0x000000008ea00000| Untracked 
|  69|0x000000008eb00000, 0x000000008eb00000, 0x000000008ec00000|  0%| F|  |TAMS 0x000000008eb00000, 0x000000008eb00000| Untracked 
|  70|0x000000008ec00000, 0x000000008ec00000, 0x000000008ed00000|  0%| F|  |TAMS 0x000000008ec00000, 0x000000008ec00000| Untracked 
|  71|0x000000008ed00000, 0x000000008ed00000, 0x000000008ee00000|  0%| F|  |TAMS 0x000000008ed00000, 0x000000008ed00000| Untracked 
|  72|0x000000008ee00000, 0x000000008ee00000, 0x000000008ef00000|  0%| F|  |TAMS 0x000000008ee00000, 0x000000008ee00000| Untracked 
|  73|0x000000008ef00000, 0x000000008ef00000, 0x000000008f000000|  0%| F|  |TAMS 0x000000008ef00000, 0x000000008ef00000| Untracked 
|  74|0x000000008f000000, 0x000000008f000000, 0x000000008f100000|  0%| F|  |TAMS 0x000000008f000000, 0x000000008f000000| Untracked 
|  75|0x000000008f100000, 0x000000008f100000, 0x000000008f200000|  0%| F|  |TAMS 0x000000008f100000, 0x000000008f100000| Untracked 
|  76|0x000000008f200000, 0x000000008f200000, 0x000000008f300000|  0%| F|  |TAMS 0x000000008f200000, 0x000000008f200000| Untracked 
|  77|0x000000008f300000, 0x000000008f300000, 0x000000008f400000|  0%| F|  |TAMS 0x000000008f300000, 0x000000008f300000| Untracked 
|  78|0x000000008f400000, 0x000000008f400000, 0x000000008f500000|  0%| F|  |TAMS 0x000000008f400000, 0x000000008f400000| Untracked 
|  79|0x000000008f500000, 0x000000008f500000, 0x000000008f600000|  0%| F|  |TAMS 0x000000008f500000, 0x000000008f500000| Untracked 
|  80|0x000000008f600000, 0x000000008f600000, 0x000000008f700000|  0%| F|  |TAMS 0x000000008f600000, 0x000000008f600000| Untracked 
|  81|0x000000008f700000, 0x000000008f700000, 0x000000008f800000|  0%| F|  |TAMS 0x000000008f700000, 0x000000008f700000| Untracked 
|  82|0x000000008f800000, 0x000000008f800000, 0x000000008f900000|  0%| F|  |TAMS 0x000000008f800000, 0x000000008f800000| Untracked 
|  83|0x000000008f900000, 0x000000008f900000, 0x000000008fa00000|  0%| F|  |TAMS 0x000000008f900000, 0x000000008f900000| Untracked 
|  84|0x000000008fa00000, 0x000000008fa00000, 0x000000008fb00000|  0%| F|  |TAMS 0x000000008fa00000, 0x000000008fa00000| Untracked 
|  85|0x000000008fb00000, 0x000000008fb00000, 0x000000008fc00000|  0%| F|  |TAMS 0x000000008fb00000, 0x000000008fb00000| Untracked 
|  86|0x000000008fc00000, 0x000000008fc00000, 0x000000008fd00000|  0%| F|  |TAMS 0x000000008fc00000, 0x000000008fc00000| Untracked 
|  87|0x000000008fd00000, 0x000000008fd00000, 0x000000008fe00000|  0%| F|  |TAMS 0x000000008fd00000, 0x000000008fd00000| Untracked 
|  88|0x000000008fe00000, 0x000000008fe00000, 0x000000008ff00000|  0%| F|  |TAMS 0x000000008fe00000, 0x000000008fe00000| Untracked 
|  89|0x000000008ff00000, 0x000000008ff00000, 0x0000000090000000|  0%| F|  |TAMS 0x000000008ff00000, 0x000000008ff00000| Untracked 
|  90|0x0000000090000000, 0x0000000090000000, 0x0000000090100000|  0%| F|  |TAMS 0x0000000090000000, 0x0000000090000000| Untracked 
|  91|0x0000000090100000, 0x0000000090100000, 0x0000000090200000|  0%| F|  |TAMS 0x0000000090100000, 0x0000000090100000| Untracked 
|  92|0x0000000090200000, 0x0000000090200000, 0x0000000090300000|  0%| F|  |TAMS 0x0000000090200000, 0x0000000090200000| Untracked 
|  93|0x0000000090300000, 0x0000000090300000, 0x0000000090400000|  0%| F|  |TAMS 0x0000000090300000, 0x0000000090300000| Untracked 
|  94|0x0000000090400000, 0x0000000090400000, 0x0000000090500000|  0%| F|  |TAMS 0x0000000090400000, 0x0000000090400000| Untracked 
|  95|0x0000000090500000, 0x0000000090500000, 0x0000000090600000|  0%| F|  |TAMS 0x0000000090500000, 0x0000000090500000| Untracked 
|  96|0x0000000090600000, 0x0000000090600000, 0x0000000090700000|  0%| F|  |TAMS 0x0000000090600000, 0x0000000090600000| Untracked 
|  97|0x0000000090700000, 0x0000000090700000, 0x0000000090800000|  0%| F|  |TAMS 0x0000000090700000, 0x0000000090700000| Untracked 
|  98|0x0000000090800000, 0x0000000090800000, 0x0000000090900000|  0%| F|  |TAMS 0x0000000090800000, 0x0000000090800000| Untracked 
|  99|0x0000000090900000, 0x0000000090900000, 0x0000000090a00000|  0%| F|  |TAMS 0x0000000090900000, 0x0000000090900000| Untracked 
| 100|0x0000000090a00000, 0x0000000090a00000, 0x0000000090b00000|  0%| F|  |TAMS 0x0000000090a00000, 0x0000000090a00000| Untracked 
| 101|0x0000000090b00000, 0x0000000090b00000, 0x0000000090c00000|  0%| F|  |TAMS 0x0000000090b00000, 0x0000000090b00000| Untracked 
| 102|0x0000000090c00000, 0x0000000090c00000, 0x0000000090d00000|  0%| F|  |TAMS 0x0000000090c00000, 0x0000000090c00000| Untracked 
| 103|0x0000000090d00000, 0x0000000090d00000, 0x0000000090e00000|  0%| F|  |TAMS 0x0000000090d00000, 0x0000000090d00000| Untracked 
| 104|0x0000000090e00000, 0x0000000090e00000, 0x0000000090f00000|  0%| F|  |TAMS 0x0000000090e00000, 0x0000000090e00000| Untracked 
| 105|0x0000000090f00000, 0x0000000090f00000, 0x0000000091000000|  0%| F|  |TAMS 0x0000000090f00000, 0x0000000090f00000| Untracked 
| 106|0x0000000091000000, 0x0000000091000000, 0x0000000091100000|  0%| F|  |TAMS 0x0000000091000000, 0x0000000091000000| Untracked 
| 107|0x0000000091100000, 0x0000000091100000, 0x0000000091200000|  0%| F|  |TAMS 0x0000000091100000, 0x0000000091100000| Untracked 
| 108|0x0000000091200000, 0x0000000091200000, 0x0000000091300000|  0%| F|  |TAMS 0x0000000091200000, 0x0000000091200000| Untracked 
| 109|0x0000000091300000, 0x0000000091300000, 0x0000000091400000|  0%| F|  |TAMS 0x0000000091300000, 0x0000000091300000| Untracked 
| 110|0x0000000091400000, 0x0000000091400000, 0x0000000091500000|  0%| F|  |TAMS 0x0000000091400000, 0x0000000091400000| Untracked 
| 111|0x0000000091500000, 0x0000000091500000, 0x0000000091600000|  0%| F|  |TAMS 0x0000000091500000, 0x0000000091500000| Untracked 
| 112|0x0000000091600000, 0x0000000091600000, 0x0000000091700000|  0%| F|  |TAMS 0x0000000091600000, 0x0000000091600000| Untracked 
| 113|0x0000000091700000, 0x0000000091700000, 0x0000000091800000|  0%| F|  |TAMS 0x0000000091700000, 0x0000000091700000| Untracked 
| 114|0x0000000091800000, 0x0000000091800000, 0x0000000091900000|  0%| F|  |TAMS 0x0000000091800000, 0x0000000091800000| Untracked 
| 115|0x0000000091900000, 0x0000000091976448, 0x0000000091a00000| 46%| E|  |TAMS 0x0000000091900000, 0x0000000091900000| Complete 
| 116|0x0000000091a00000, 0x0000000091b00000, 0x0000000091b00000|100%| E|CS|TAMS 0x0000000091a00000, 0x0000000091a00000| Complete 
| 117|0x0000000091b00000, 0x0000000091c00000, 0x0000000091c00000|100%| E|CS|TAMS 0x0000000091b00000, 0x0000000091b00000| Complete 

Card table byte_map: [0x0000023e33380000,0x0000023e33730000] _byte_map_base: 0x0000023e32f2d000

Marking Bits (Prev, Next): (CMBitMap*) 0x0000023e1e4ca620, (CMBitMap*) 0x0000023e1e4ca660
 Prev Bits: [0x0000023e33ae0000, 0x0000023e35848000)
 Next Bits: [0x0000023e35850000, 0x0000023e375b8000)

Polling page: 0x0000023e1e560000

Metaspace:

Usage:
  Non-class:      7.41 MB used.
      Class:    736.66 KB used.
       Both:      8.13 MB used.

Virtual space:
  Non-class space:        8.00 MB reserved,       7.44 MB ( 93%) committed,  1 nodes.
      Class space:        1.00 GB reserved,     832.00 KB ( <1%) committed,  1 nodes.
             Both:        1.01 GB reserved,       8.25 MB ( <1%) committed. 

Chunk freelists:
   Non-Class:  459.00 KB
       Class:  3.22 MB
        Both:  3.67 MB

MaxMetaspaceSize: unlimited
CompressedClassSpaceSize: 1.00 GB
Initial GC threshold: 21.00 MB
Current GC threshold: 21.00 MB
CDS: off
MetaspaceReclaimPolicy: balanced
 - commit_granule_bytes: 65536.
 - commit_granule_words: 8192.
 - virtual_space_node_default_size: 1048576.
 - enlarge_chunks_in_place: 1.
 - new_chunks_are_fully_committed: 0.
 - uncommit_free_chunks: 1.
 - use_allocation_guard: 0.
 - handle_deallocations: 1.


Internal statistics:

num_allocs_failed_limit: 0.
num_arena_births: 58.
num_arena_deaths: 0.
num_vsnodes_births: 2.
num_vsnodes_deaths: 0.
num_space_committed: 132.
num_space_uncommitted: 0.
num_chunks_returned_to_freelist: 0.
num_chunks_taken_from_freelist: 83.
num_chunk_merges: 0.
num_chunk_splits: 45.
num_chunks_enlarged: 21.
num_purges: 0.
num_inconsistent_stats: 0.

CodeHeap 'non-profiled nmethods': size=120000Kb used=90Kb max_used=90Kb free=119909Kb
 bounds [0x0000023e2ae00000, 0x0000023e2b070000, 0x0000023e32330000]
CodeHeap 'profiled nmethods': size=120000Kb used=368Kb max_used=368Kb free=119631Kb
 bounds [0x0000023e238d0000, 0x0000023e23b40000, 0x0000023e2ae00000]
CodeHeap 'non-nmethods': size=5760Kb used=1129Kb max_used=1143Kb free=4630Kb
 bounds [0x0000023e23330000, 0x0000023e235a0000, 0x0000023e238d0000]
 total_blobs=697 nmethods=282 adapters=328
 compilation: enabled
              stopped_count=0, restarted_count=0
 full_count=0

Compilation events (20 events):
Event: 0.366 Thread 0x0000023e3ac326b0  258       3       java.lang.invoke.InvokerBytecodeGenerator::getInternalName (103 bytes)
Event: 0.366 Thread 0x0000023e3ac317a0  270       4       jdk.internal.org.objectweb.asm.ByteVector::putUTF8 (144 bytes)
Event: 0.367 Thread 0x0000023e3ac326b0 nmethod 258 0x0000023e23926390 code [0x0000023e239265a0, 0x0000023e23926af8]
Event: 0.367 Thread 0x0000023e3ac326b0  272       3       jdk.internal.org.objectweb.asm.SymbolTable::addType (81 bytes)
Event: 0.367 Thread 0x0000023e3ac326b0 nmethod 272 0x0000023e23926c10 code [0x0000023e23926e20, 0x0000023e23927378]
Event: 0.367 Thread 0x0000023e3ac326b0  271       3       java.lang.invoke.InvokerBytecodeGenerator::emitImplicitConversion (161 bytes)
Event: 0.368 Thread 0x0000023e3ac326b0 nmethod 271 0x0000023e23927610 code [0x0000023e23927920, 0x0000023e23928798]
Event: 0.368 Thread 0x0000023e3ac326b0  277       3       java.lang.invoke.LambdaForm::internArgument (85 bytes)
Event: 0.369 Thread 0x0000023e3ac326b0 nmethod 277 0x0000023e23928c90 code [0x0000023e23928e60, 0x0000023e239291a8]
Event: 0.369 Thread 0x0000023e3ac326b0  280       3       java.lang.invoke.LambdaForm$Name::<init> (44 bytes)
Event: 0.369 Thread 0x0000023e3ac326b0 nmethod 280 0x0000023e23929390 code [0x0000023e239295a0, 0x0000023e23929b68]
Event: 0.369 Thread 0x0000023e3ac326b0  276       3       java.lang.invoke.LambdaForm::parameter (38 bytes)
Event: 0.369 Thread 0x0000023e3ac326b0 nmethod 276 0x0000023e23929e90 code [0x0000023e2392a020, 0x0000023e2392a158]
Event: 0.369 Thread 0x0000023e3ac326b0  281       3       jdk.internal.org.objectweb.asm.ByteVector::put11 (52 bytes)
Event: 0.370 Thread 0x0000023e3ac326b0 nmethod 281 0x0000023e2392a210 code [0x0000023e2392a3c0, 0x0000023e2392a5c8]
Event: 0.370 Thread 0x0000023e3ac326b0  268       3       java.lang.invoke.MethodTypeForm::canonicalize (59 bytes)
Event: 0.370 Thread 0x0000023e3ac326b0 nmethod 268 0x0000023e2392a710 code [0x0000023e2392a8e0, 0x0000023e2392abe8]
Event: 0.370 Thread 0x0000023e3ac326b0  269       3       java.lang.invoke.MethodType$ConcurrentWeakInternSet::add (66 bytes)
Event: 0.371 Thread 0x0000023e3ac326b0 nmethod 269 0x0000023e2392ad10 code [0x0000023e2392afa0, 0x0000023e2392bd88]
Event: 0.372 Thread 0x0000023e3ac317a0 nmethod 270 0x0000023e2ae16210 code [0x0000023e2ae163c0, 0x0000023e2ae16758]

GC Heap History (0 events):
No events

Deoptimization events (0 events):
No events

Classes unloaded (0 events):
No events

Classes redefined (0 events):
No events

Internal exceptions (3 events):
Event: 0.270 Thread 0x0000023e1e2ea7e0 Exception <a 'java/lang/ClassNotFoundException'{0x0000000091a7d2b8}: sun/awt/resources/spi/awtProvider> (0x0000000091a7d2b8) 
thrown [e:\jenkins\tmp\workspace\build\src\src\hotspot\share\classfile\systemDictionary.cpp, line 256]
Event: 0.322 Thread 0x0000023e1e2ea7e0 Exception <a 'java/io/FileNotFoundException'{0x0000000091ad7848}> (0x0000000091ad7848) 
thrown [e:\jenkins\tmp\workspace\build\src\src\hotspot\share\prims\jni.cpp, line 516]
Event: 0.333 Thread 0x0000023e1e2ea7e0 Exception <a 'java/io/FileNotFoundException'{0x0000000091905068}> (0x0000000091905068) 
thrown [e:\jenkins\tmp\workspace\build\src\src\hotspot\share\prims\jni.cpp, line 516]

VM Operations (0 events):
No events

Events (20 events):
Event: 0.374 loading class sun/java2d/SurfaceData
Event: 0.375 loading class java/awt/Transparency
Event: 0.375 loading class java/awt/Transparency done
Event: 0.375 loading class sun/java2d/DisposerTarget
Event: 0.375 loading class sun/java2d/DisposerTarget done
Event: 0.375 loading class sun/java2d/StateTrackable
Event: 0.375 loading class sun/java2d/StateTrackable done
Event: 0.375 loading class sun/java2d/Surface
Event: 0.375 loading class sun/java2d/Surface done
Event: 0.375 loading class sun/java2d/SurfaceData done
Event: 0.375 loading class sun/java2d/InvalidPipeException
Event: 0.375 loading class java/lang/IllegalStateException
Event: 0.375 loading class java/lang/IllegalStateException done
Event: 0.375 loading class sun/java2d/InvalidPipeException done
Event: 0.375 loading class sun/java2d/NullSurfaceData
Event: 0.375 loading class sun/java2d/NullSurfaceData done
Event: 0.375 loading class sun/java2d/StateTrackable$State
Event: 0.376 loading class sun/java2d/StateTrackable$State done
Event: 0.376 loading class sun/java2d/loops/SurfaceType
Event: 0.376 loading class sun/java2d/loops/SurfaceType done


Dynamic libraries:
0x00007ff70e950000 - 0x00007ff70e95e000 	C:\Users\Akash\.p2\pool\plugins\org.eclipse.justj.openjdk.hotspot.jre.full.win32.x86_64_17.0.2.v20220201-1208\jre\bin\javaw.exe
0x00007ffcb54d0000 - 0x00007ffcb56e4000 	C:\WINDOWS\SYSTEM32\ntdll.dll
0x00007ffcb47d0000 - 0x00007ffcb4892000 	C:\WINDOWS\System32\KERNEL32.DLL
0x00007ffcb2b80000 - 0x00007ffcb2f23000 	C:\WINDOWS\System32\KERNELBASE.dll
0x00007ffcb30d0000 - 0x00007ffcb31e1000 	C:\WINDOWS\System32\ucrtbase.dll
0x00007ffc681b0000 - 0x00007ffc681c8000 	C:\Users\Akash\.p2\pool\plugins\org.eclipse.justj.openjdk.hotspot.jre.full.win32.x86_64_17.0.2.v20220201-1208\jre\bin\jli.dll
0x00007ffc681d0000 - 0x00007ffc681e9000 	C:\Users\Akash\.p2\pool\plugins\org.eclipse.justj.openjdk.hotspot.jre.full.win32.x86_64_17.0.2.v20220201-1208\jre\bin\VCRUNTIME140.dll
0x00007ffcb4620000 - 0x00007ffcb47cb000 	C:\WINDOWS\System32\USER32.dll
0x00007ffc98320000 - 0x00007ffc985ae000 	C:\WINDOWS\WinSxS\amd64_microsoft.windows.common-controls_6595b64144ccf1df_6.0.22621.1635_none_270f70857386168e\COMCTL32.dll
0x00007ffcb30a0000 - 0x00007ffcb30c6000 	C:\WINDOWS\System32\win32u.dll
0x00007ffcb4410000 - 0x00007ffcb44b7000 	C:\WINDOWS\System32\msvcrt.dll
0x00007ffcb4b70000 - 0x00007ffcb4b99000 	C:\WINDOWS\System32\GDI32.dll
0x00007ffcb28d0000 - 0x00007ffcb29e9000 	C:\WINDOWS\System32\gdi32full.dll
0x00007ffcb29f0000 - 0x00007ffcb2a8a000 	C:\WINDOWS\System32\msvcp_win.dll
0x00007ffcb44e0000 - 0x00007ffcb4511000 	C:\WINDOWS\System32\IMM32.DLL
0x00007ffc912f0000 - 0x00007ffc912fc000 	C:\Users\Akash\.p2\pool\plugins\org.eclipse.justj.openjdk.hotspot.jre.full.win32.x86_64_17.0.2.v20220201-1208\jre\bin\vcruntime140_1.dll
0x00007ffc568f0000 - 0x00007ffc56981000 	C:\Users\Akash\.p2\pool\plugins\org.eclipse.justj.openjdk.hotspot.jre.full.win32.x86_64_17.0.2.v20220201-1208\jre\bin\msvcp140.dll
0x00007ffc34680000 - 0x00007ffc352c7000 	C:\Users\Akash\.p2\pool\plugins\org.eclipse.justj.openjdk.hotspot.jre.full.win32.x86_64_17.0.2.v20220201-1208\jre\bin\server\jvm.dll
0x00007ffcb3620000 - 0x00007ffcb36ce000 	C:\WINDOWS\System32\ADVAPI32.dll
0x00007ffcb3470000 - 0x00007ffcb3514000 	C:\WINDOWS\System32\sechost.dll
0x00007ffcb4a50000 - 0x00007ffcb4b67000 	C:\WINDOWS\System32\RPCRT4.dll
0x00007ffcb3ed0000 - 0x00007ffcb3ed8000 	C:\WINDOWS\System32\PSAPI.DLL
0x00007ffc9b380000 - 0x00007ffc9b389000 	C:\WINDOWS\SYSTEM32\WSOCK32.dll
0x00007ffcaa0e0000 - 0x00007ffcaa114000 	C:\WINDOWS\SYSTEM32\WINMM.dll
0x00007ffcabea0000 - 0x00007ffcabeaa000 	C:\WINDOWS\SYSTEM32\VERSION.dll
0x00007ffcb4c00000 - 0x00007ffcb4c71000 	C:\WINDOWS\System32\WS2_32.dll
0x00007ffcb1920000 - 0x00007ffcb1938000 	C:\WINDOWS\SYSTEM32\kernel.appcore.dll
0x00007ffc96f80000 - 0x00007ffc96f8a000 	C:\Users\Akash\.p2\pool\plugins\org.eclipse.justj.openjdk.hotspot.jre.full.win32.x86_64_17.0.2.v20220201-1208\jre\bin\jimage.dll
0x00007ffca3760000 - 0x00007ffca398e000 	C:\WINDOWS\SYSTEM32\DBGHELP.DLL
0x00007ffcb4c80000 - 0x00007ffcb5009000 	C:\WINDOWS\System32\combase.dll
0x00007ffcb40b0000 - 0x00007ffcb4187000 	C:\WINDOWS\System32\OLEAUT32.dll
0x00007ffc92170000 - 0x00007ffc921a2000 	C:\WINDOWS\SYSTEM32\dbgcore.DLL
0x00007ffcb2b00000 - 0x00007ffcb2b7b000 	C:\WINDOWS\System32\bcryptPrimitives.dll
0x00007ffc70ce0000 - 0x00007ffc70d05000 	C:\Users\Akash\.p2\pool\plugins\org.eclipse.justj.openjdk.hotspot.jre.full.win32.x86_64_17.0.2.v20220201-1208\jre\bin\java.dll
0x00007ffc7cbd0000 - 0x00007ffc7cbe8000 	C:\Users\Akash\.p2\pool\plugins\org.eclipse.justj.openjdk.hotspot.jre.full.win32.x86_64_17.0.2.v20220201-1208\jre\bin\zip.dll
0x00007ffcb36d0000 - 0x00007ffcb3eca000 	C:\WINDOWS\System32\SHELL32.dll
0x00007ffcb08d0000 - 0x00007ffcb119e000 	C:\WINDOWS\SYSTEM32\windows.storage.dll
0x00007ffcb0790000 - 0x00007ffcb08ce000 	C:\WINDOWS\SYSTEM32\wintypes.dll
0x00007ffcb4520000 - 0x00007ffcb4611000 	C:\WINDOWS\System32\SHCORE.dll
0x00007ffcb4020000 - 0x00007ffcb407e000 	C:\WINDOWS\System32\shlwapi.dll
0x00007ffcb2800000 - 0x00007ffcb2821000 	C:\WINDOWS\SYSTEM32\profapi.dll
0x00007ffc6d360000 - 0x00007ffc6d379000 	C:\Users\Akash\.p2\pool\plugins\org.eclipse.justj.openjdk.hotspot.jre.full.win32.x86_64_17.0.2.v20220201-1208\jre\bin\net.dll
0x00007ffcab9f0000 - 0x00007ffcabb27000 	C:\WINDOWS\SYSTEM32\WINHTTP.dll
0x00007ffcb1d90000 - 0x00007ffcb1df9000 	C:\WINDOWS\system32\mswsock.dll
0x00007ffc6d2a0000 - 0x00007ffc6d2b5000 	C:\Users\Akash\.p2\pool\plugins\org.eclipse.justj.openjdk.hotspot.jre.full.win32.x86_64_17.0.2.v20220201-1208\jre\bin\nio.dll
0x00007ffc33890000 - 0x00007ffc33a1e000 	C:\Users\Akash\.p2\pool\plugins\org.eclipse.justj.openjdk.hotspot.jre.full.win32.x86_64_17.0.2.v20220201-1208\jre\bin\awt.dll
0x00007ffcafd10000 - 0x00007ffcafda7000 	C:\WINDOWS\SYSTEM32\apphelp.dll

dbghelp: loaded successfully - version: 4.0.5 - missing functions: none
symbol engine: initialized successfully - sym options: 0x614 - pdb path: .;C:\Users\Akash\.p2\pool\plugins\org.eclipse.justj.openjdk.hotspot.jre.full.win32.x86_64_17.0.2.v20220201-1208\jre\bin;C:\WINDOWS\SYSTEM32;C:\WINDOWS\WinSxS\amd64_microsoft.windows.common-controls_6595b64144ccf1df_6.0.22621.1635_none_270f70857386168e;C:\Users\Akash\.p2\pool\plugins\org.eclipse.justj.openjdk.hotspot.jre.full.win32.x86_64_17.0.2.v20220201-1208\jre\bin\server

VM Arguments:
jvm_args: -Dfile.encoding=Cp1252 -XX:+ShowCodeDetailsInExceptionMessages 
java_command: RemoveSongs
java_class_path (initial): C:\Users\Akash\eclipse-workspace\Music_playlist\bin;C:\Users\Akash\OneDrive\Desktop\notes\mysql-connector-java-8.0.28 (1).jar
Launcher Type: SUN_STANDARD

[Global flags]
     intx CICompilerCount                          = 4                                         {product} {ergonomic}
     uint ConcGCThreads                            = 3                                         {product} {ergonomic}
     uint G1ConcRefinementThreads                  = 10                                        {product} {ergonomic}
   size_t G1HeapRegionSize                         = 1048576                                   {product} {ergonomic}
    uintx GCDrainStackTargetSize                   = 64                                        {product} {ergonomic}
   size_t InitialHeapSize                          = 123731968                                 {product} {ergonomic}
   size_t MarkStackSize                            = 4194304                                   {product} {ergonomic}
   size_t MaxHeapSize                              = 1973420032                                {product} {ergonomic}
   size_t MaxNewSize                               = 1183842304                                {product} {ergonomic}
   size_t MinHeapDeltaBytes                        = 1048576                                   {product} {ergonomic}
   size_t MinHeapSize                              = 8388608                                   {product} {ergonomic}
    uintx NonNMethodCodeHeapSize                   = 5839372                                {pd product} {ergonomic}
    uintx NonProfiledCodeHeapSize                  = 122909434                              {pd product} {ergonomic}
    uintx ProfiledCodeHeapSize                     = 122909434                              {pd product} {ergonomic}
    uintx ReservedCodeCacheSize                    = 251658240                              {pd product} {ergonomic}
     bool SegmentedCodeCache                       = true                                      {product} {ergonomic}
     bool ShowCodeDetailsInExceptionMessages       = true                                   {manageable} {command line}
   size_t SoftMaxHeapSize                          = 1973420032                             {manageable} {ergonomic}
     bool UseCompressedClassPointers               = true                           {product lp64_product} {ergonomic}
     bool UseCompressedOops                        = true                           {product lp64_product} {ergonomic}
     bool UseG1GC                                  = true                                      {product} {ergonomic}
     bool UseLargePagesIndividualAllocation        = false                                  {pd product} {ergonomic}

Logging:
Log output configuration:
 #0: stdout all=warning uptime,level,tags
 #1: stderr all=off uptime,level,tags

Environment Variables:
PATH=C:/Users/Akash/.p2/pool/plugins/org.eclipse.justj.openjdk.hotspot.jre.full.win32.x86_64_17.0.2.v20220201-1208/jre/bin/server;C:/Users/Akash/.p2/pool/plugins/org.eclipse.justj.openjdk.hotspot.jre.full.win32.x86_64_17.0.2.v20220201-1208/jre/bin;C:\Program Files (x86)\VMware\VMware Player\bin\;C:\oraclexe\app\oracle\product\11.2.0\server\bin;C:\Program Files\Common Files\Oracle\Java\javapath;C:\Program Files (x86)\Common Files\Oracle\Java\javapath;C:\windows\system32;C:\windows;C:\windows\System32\Wbem;C:\windows\System32\WindowsPowerShell\v1.0\;C:\windows\System32\OpenSSH\;C:\Program Files (x86)\NVIDIA Corporation\PhysX\Common;C:\Program Files\Microsoft SQL Server\Client SDK\ODBC\170\Tools\Binn\;C:\Program Files (x86)\Microsoft SQL Server\150\Tools\Binn\;C:\Program Files\Microsoft SQL Server\150\Tools\Binn\;C:\Program Files\Microsoft SQL Server\150\DTS\Binn\;C:\Program Files\Azure Data Studio\bin;D:\;C:\Program Files\dotnet\;C:\Program Files\Microsoft SQL Server\130\Tools\Binn\;C:\Program Files\Git\cmd;C:\WINDOWS\system32;C:\WINDOWS;C:\WINDOWS\System32\Wbem;C:\WINDOWS\System32\WindowsPowerShell\v1.0\;C:\WINDOWS\System32\OpenSSH\;C:\Users\Akash\AppData\Local\Programs\Python\Python310\Scripts;C:\Program Files\MySQL\MySQL Shell 8.0\bin\;C:\Users\Akash\AppData\Local\Microsoft\WindowsApps;C:\Program Files\Azure Data Studio\bin;C:\Users\Akash\AppData\Local\atom\bin;C:\Users\Akash\AppData\Local\Programs\Microsoft VS Code\bin;C:\MinGW\bin;D:\CodeBlocks\MinGW\bin;C:\Users\Akash\.dotnet\tools;C:\Users\Akash\AppData\Local\Microsoft\WindowsApps;;C:\WINDOWS\System32;
USERNAME=Akash
OS=Windows_NT
PROCESSOR_IDENTIFIER=AMD64 Family 25 Model 80 Stepping 0, AuthenticAMD



---------------  S Y S T E M  ---------------

OS:
 Windows 11 , 64 bit Build 22621 (10.0.22621.1778)
OS uptime: 4 days 20:07 hours

CPU: total 12 (initial active 12) (12 cores per cpu, 2 threads per core) family 25 model 80 stepping 0 microcode 0x0, cx8, cmov, fxsr, ht, mmx, 3dnowpref, sse, sse2, sse3, ssse3, sse4a, sse4.1, sse4.2, popcnt, lzcnt, tsc, tscinvbit, avx, avx2, aes, erms, clmul, bmi1, bmi2, adx, sha, fma, vzeroupper, clflush, clflushopt

Memory: 4k page, system-wide physical 7521M (266M free)
TotalPageFile size 31073M (AvailPageFile size 3M)
current process WorkingSet (physical memory assigned to process): 41M, peak: 41M
current process commit charge ("private bytes"): 203M, peak: 203M

vm_info: OpenJDK 64-Bit Server VM (17.0.2+8) for windows-amd64 JRE (17.0.2+8), built on Jan 20 2022 04:52:34 by "" with MS VC++ 16.7 (VS2019)

END.
